#! /usr/bin/vvp
:ivl_version "10.1 (stable)";
:ivl_delay_selection "TYPICAL";
:vpi_time_precision - 9;
:vpi_module "system";
:vpi_module "vhdl_sys";
:vpi_module "v2005_math";
:vpi_module "va_math";
S_0x5618d6ad22e0 .scope module, "fifo_tb" "fifo_tb" 2 3;
 .timescale -9 -9;
v0x5618d6af7520_0 .var "clk", 0 0;
v0x5618d6af75e0_0 .var "clrn", 0 0;
v0x5618d6af76b0_0 .var "data_in", 7 0;
v0x5618d6af77b0_0 .net "data_out", 7 0, L_0x5618d6af7f40;  1 drivers
v0x5618d6af7880_0 .net "overflow", 0 0, v0x5618d6af6ed0_0;  1 drivers
v0x5618d6af7920_0 .var "read", 0 0;
v0x5618d6af79f0_0 .net "ready", 0 0, L_0x5618d6af7b90;  1 drivers
v0x5618d6af7ac0_0 .var "write", 0 0;
S_0x5618d6a8eb50 .scope module, "fifo" "fifo" 2 11, 3 3 0, S_0x5618d6ad22e0;
 .timescale -9 -9;
    .port_info 0 /INPUT 1 "clk"
    .port_info 1 /INPUT 1 "clrn"
    .port_info 2 /INPUT 1 "read"
    .port_info 3 /INPUT 1 "write"
    .port_info 4 /INPUT 8 "data_in"
    .port_info 5 /OUTPUT 8 "data_out"
    .port_info 6 /OUTPUT 1 "ready"
    .port_info 7 /OUTPUT 1 "overflow"
L_0x5618d6af7f40 .functor BUFZ 8, L_0x5618d6af7cb0, C4<00000000>, C4<00000000>, C4<00000000>;
v0x5618d6a8eda0_0 .net *"_s2", 7 0, L_0x5618d6af7cb0;  1 drivers
v0x5618d6af68b0_0 .net *"_s4", 4 0, L_0x5618d6af7db0;  1 drivers
L_0x7ff9bb190018 .functor BUFT 1, C4<00>, C4<0>, C4<0>, C4<0>;
v0x5618d6af6990_0 .net *"_s7", 1 0, L_0x7ff9bb190018;  1 drivers
v0x5618d6af6a80_0 .net "clk", 0 0, v0x5618d6af7520_0;  1 drivers
v0x5618d6af6b40_0 .net "clrn", 0 0, v0x5618d6af75e0_0;  1 drivers
v0x5618d6af6c50_0 .net "data_in", 7 0, v0x5618d6af76b0_0;  1 drivers
v0x5618d6af6d30_0 .net "data_out", 7 0, L_0x5618d6af7f40;  alias, 1 drivers
v0x5618d6af6e10 .array "fifo_buffer", 0 7, 7 0;
v0x5618d6af6ed0_0 .var "overflow", 0 0;
v0x5618d6af7020_0 .net "read", 0 0, v0x5618d6af7920_0;  1 drivers
v0x5618d6af70e0_0 .var "read_pointer", 2 0;
v0x5618d6af71c0_0 .net "ready", 0 0, L_0x5618d6af7b90;  alias, 1 drivers
v0x5618d6af7280_0 .net "write", 0 0, v0x5618d6af7ac0_0;  1 drivers
v0x5618d6af7340_0 .var "write_pointer", 2 0;
E_0x5618d6a8e660/0 .event negedge, v0x5618d6af6b40_0;
E_0x5618d6a8e660/1 .event posedge, v0x5618d6af6a80_0;
E_0x5618d6a8e660 .event/or E_0x5618d6a8e660/0, E_0x5618d6a8e660/1;
L_0x5618d6af7b90 .cmp/ne 3, v0x5618d6af7340_0, v0x5618d6af70e0_0;
L_0x5618d6af7cb0 .array/port v0x5618d6af6e10, L_0x5618d6af7db0;
L_0x5618d6af7db0 .concat [ 3 2 0 0], v0x5618d6af70e0_0, L_0x7ff9bb190018;
    .scope S_0x5618d6a8eb50;
T_0 ;
    %wait E_0x5618d6a8e660;
    %load/vec4 v0x5618d6af6b40_0;
    %nor/r;
    %flag_set/vec4 8;
    %jmp/0xz  T_0.0, 8;
    %pushi/vec4 0, 0, 3;
    %assign/vec4 v0x5618d6af7340_0, 0;
    %pushi/vec4 0, 0, 3;
    %assign/vec4 v0x5618d6af70e0_0, 0;
    %pushi/vec4 0, 0, 1;
    %assign/vec4 v0x5618d6af6ed0_0, 0;
    %jmp T_0.1;
T_0.0 ;
    %load/vec4 v0x5618d6af7280_0;
    %flag_set/vec4 8;
    %jmp/0xz  T_0.2, 8;
    %load/vec4 v0x5618d6af7340_0;
    %addi 1, 0, 3;
    %load/vec4 v0x5618d6af70e0_0;
    %cmp/ne;
    %jmp/0xz  T_0.4, 4;
    %load/vec4 v0x5618d6af6c50_0;
    %load/vec4 v0x5618d6af7340_0;
    %pad/u 5;
    %ix/vec4 3;
    %ix/load 4, 0, 0; Constant delay
    %assign/vec4/a/d v0x5618d6af6e10, 0, 4;
    %load/vec4 v0x5618d6af7340_0;
    %addi 1, 0, 3;
    %assign/vec4 v0x5618d6af7340_0, 0;
    %jmp T_0.5;
T_0.4 ;
    %pushi/vec4 1, 0, 1;
    %assign/vec4 v0x5618d6af6ed0_0, 0;
T_0.5 ;
T_0.2 ;
    %load/vec4 v0x5618d6af7020_0;
    %load/vec4 v0x5618d6af71c0_0;
    %and;
    %flag_set/vec4 8;
    %jmp/0xz  T_0.6, 8;
    %load/vec4 v0x5618d6af70e0_0;
    %addi 1, 0, 3;
    %assign/vec4 v0x5618d6af70e0_0, 0;
    %pushi/vec4 0, 0, 1;
    %assign/vec4 v0x5618d6af6ed0_0, 0;
T_0.6 ;
T_0.1 ;
    %jmp T_0;
    .thread T_0;
    .scope S_0x5618d6ad22e0;
T_1 ;
    %delay 0, 0;
    %pushi/vec4 0, 0, 1;
    %store/vec4 v0x5618d6af7520_0, 0, 1;
    %pushi/vec4 0, 0, 1;
    %store/vec4 v0x5618d6af75e0_0, 0, 1;
    %pushi/vec4 0, 0, 1;
    %store/vec4 v0x5618d6af7920_0, 0, 1;
    %pushi/vec4 0, 0, 1;
    %store/vec4 v0x5618d6af7ac0_0, 0, 1;
    %delay 2, 0;
    %pushi/vec4 1, 0, 1;
    %store/vec4 v0x5618d6af75e0_0, 0, 1;
    %pushi/vec4 1, 0, 1;
    %store/vec4 v0x5618d6af7ac0_0, 0, 1;
    %pushi/vec4 224, 0, 8;
    %store/vec4 v0x5618d6af76b0_0, 0, 8;
    %delay 2, 0;
    %pushi/vec4 225, 0, 8;
    %store/vec4 v0x5618d6af76b0_0, 0, 8;
    %delay 2, 0;
    %pushi/vec4 226, 0, 8;
    %store/vec4 v0x5618d6af76b0_0, 0, 8;
    %delay 2, 0;
    %pushi/vec4 227, 0, 8;
    %store/vec4 v0x5618d6af76b0_0, 0, 8;
    %delay 2, 0;
    %pushi/vec4 228, 0, 8;
    %store/vec4 v0x5618d6af76b0_0, 0, 8;
    %delay 2, 0;
    %pushi/vec4 229, 0, 8;
    %store/vec4 v0x5618d6af76b0_0, 0, 8;
    %pushi/vec4 1, 0, 1;
    %store/vec4 v0x5618d6af7920_0, 0, 1;
    %delay 2, 0;
    %pushi/vec4 230, 0, 8;
    %store/vec4 v0x5618d6af76b0_0, 0, 8;
    %delay 2, 0;
    %pushi/vec4 231, 0, 8;
    %store/vec4 v0x5618d6af76b0_0, 0, 8;
    %delay 2, 0;
    %pushi/vec4 232, 0, 8;
    %store/vec4 v0x5618d6af76b0_0, 0, 8;
    %pushi/vec4 0, 0, 1;
    %store/vec4 v0x5618d6af7920_0, 0, 1;
    %delay 2, 0;
    %pushi/vec4 233, 0, 8;
    %store/vec4 v0x5618d6af76b0_0, 0, 8;
    %delay 2, 0;
    %pushi/vec4 234, 0, 8;
    %store/vec4 v0x5618d6af76b0_0, 0, 8;
    %delay 2, 0;
    %pushi/vec4 235, 0, 8;
    %store/vec4 v0x5618d6af76b0_0, 0, 8;
    %delay 2, 0;
    %pushi/vec4 236, 0, 8;
    %store/vec4 v0x5618d6af76b0_0, 0, 8;
    %delay 2, 0;
    %pushi/vec4 237, 0, 8;
    %store/vec4 v0x5618d6af76b0_0, 0, 8;
    %delay 2, 0;
    %pushi/vec4 238, 0, 8;
    %store/vec4 v0x5618d6af76b0_0, 0, 8;
    %delay 2, 0;
    %pushi/vec4 239, 0, 8;
    %store/vec4 v0x5618d6af76b0_0, 0, 8;
    %delay 2, 0;
    %pushi/vec4 240, 0, 8;
    %store/vec4 v0x5618d6af76b0_0, 0, 8;
    %pushi/vec4 1, 0, 1;
    %store/vec4 v0x5618d6af7920_0, 0, 1;
    %delay 2, 0;
    %pushi/vec4 241, 0, 8;
    %store/vec4 v0x5618d6af76b0_0, 0, 8;
    %delay 2, 0;
    %pushi/vec4 242, 0, 8;
    %store/vec4 v0x5618d6af76b0_0, 0, 8;
    %pushi/vec4 0, 0, 1;
    %store/vec4 v0x5618d6af7920_0, 0, 1;
    %delay 2, 0;
    %pushi/vec4 243, 0, 8;
    %store/vec4 v0x5618d6af76b0_0, 0, 8;
    %pushi/vec4 1, 0, 1;
    %store/vec4 v0x5618d6af7920_0, 0, 1;
    %delay 2, 0;
    %pushi/vec4 244, 0, 8;
    %store/vec4 v0x5618d6af76b0_0, 0, 8;
    %pushi/vec4 0, 0, 1;
    %store/vec4 v0x5618d6af7ac0_0, 0, 1;
    %delay 5, 0;
    %vpi_call 2 50 "$finish" {0 0 0};
    %end;
    .thread T_1;
    .scope S_0x5618d6ad22e0;
T_2 ;
    %delay 1, 0;
    %load/vec4 v0x5618d6af7520_0;
    %nor/r;
    %store/vec4 v0x5618d6af7520_0, 0, 1;
    %jmp T_2;
    .thread T_2;
    .scope S_0x5618d6ad22e0;
T_3 ;
    %vpi_call 2 56 "$dumpfile", "fifo.vcd" {0 0 0};
    %vpi_call 2 57 "$dumpvars" {0 0 0};
    %end;
    .thread T_3;
# The file index is used to find the file name in the following table.
:file_names 4;
    "N/A";
    "<interactive>";
    "fifo_tb.v";
    "fifo.v";
