#! /usr/bin/vvp
:ivl_version "10.1 (stable)";
:ivl_delay_selection "TYPICAL";
:vpi_time_precision - 9;
:vpi_module "system";
:vpi_module "vhdl_sys";
:vpi_module "v2005_math";
:vpi_module "va_math";
S_0x5586cabff550 .scope module, "cmosnot_tb" "cmosnot_tb" 2 3;
 .timescale -9 -9;
v0x5586cac22f30_0 .var "a", 0 0;
RS_0x7f95adc88048 .resolv tri, L_0x5586cac23210, L_0x5586cac23370;
v0x5586cac23000_0 .net8 "f", 0 0, RS_0x7f95adc88048;  2 drivers, strength-aware
S_0x5586cabff6d0 .scope module, "cmosnot_not" "cmosnot" 2 7, 3 1 0, S_0x5586cabff550;
 .timescale 0 0;
    .port_info 0 /OUTPUT 1 "f"
    .port_info 1 /INPUT 1 "a"
L_0x5586cac23170 .functor BUFT 1, C8<771>, C4<0>, C4<0>, C4<0>;
L_0x5586cac23210 .functor PMOS 1, L_0x5586cac23170, v0x5586cac22f30_0, C4<0>, C4<0>;
L_0x5586cac230d0 .functor BUFT 1, C8<770>, C4<0>, C4<0>, C4<0>;
L_0x5586cac23370 .functor NMOS 1, L_0x5586cac230d0, v0x5586cac22f30_0, C4<0>, C4<0>;
v0x5586cabc9b50_0 .net "a", 0 0, v0x5586cac22f30_0;  1 drivers
v0x5586cac22c80_0 .net8 "f", 0 0, RS_0x7f95adc88048;  alias, 2 drivers, strength-aware
v0x5586cac22d40_0 .net8 "gnd", 0 0, L_0x5586cac230d0;  1 drivers, strength-aware
v0x5586cac22e10_0 .net8 "vdd", 0 0, L_0x5586cac23170;  1 drivers, strength-aware
    .scope S_0x5586cabff550;
T_0 ;
    %pushi/vec4 0, 0, 1;
    %store/vec4 v0x5586cac22f30_0, 0, 1;
    %delay 1, 0;
    %pushi/vec4 1, 0, 1;
    %store/vec4 v0x5586cac22f30_0, 0, 1;
    %delay 1, 0;
    %pushi/vec4 0, 0, 1;
    %store/vec4 v0x5586cac22f30_0, 0, 1;
    %delay 1, 0;
    %vpi_call 2 14 "$finish" {0 0 0};
    %end;
    .thread T_0;
    .scope S_0x5586cabff550;
T_1 ;
    %vpi_call 2 19 "$monitor", "%2d:\011a=%b \011f=%b", $time, v0x5586cac22f30_0, v0x5586cac23000_0 {0 0 0};
    %end;
    .thread T_1;
# The file index is used to find the file name in the following table.
:file_names 4;
    "N/A";
    "<interactive>";
    "cmosnot_tb.v";
    "cmosnot.v";
