#! /usr/bin/vvp
:ivl_version "10.1 (stable)";
:ivl_delay_selection "TYPICAL";
:vpi_time_precision - 9;
:vpi_module "system";
:vpi_module "vhdl_sys";
:vpi_module "v2005_math";
:vpi_module "va_math";
S_0x560536a0fe20 .scope module, "cmosnand_tb" "cmosnand_tb" 2 3;
 .timescale -9 -9;
v0x560536a35370_0 .var "a", 0 0;
v0x560536a35410_0 .var "b", 0 0;
RS_0x7f3a6e4ac078 .resolv tri, L_0x560536a35720, L_0x560536a35880, L_0x560536a35940;
v0x560536a354e0_0 .net8 "f", 0 0, RS_0x7f3a6e4ac078;  3 drivers, strength-aware
S_0x560536a0ffa0 .scope module, "cmos_nand" "cmosnand" 2 7, 3 1 0, S_0x560536a0fe20;
 .timescale 0 0;
    .port_info 0 /OUTPUT 1 "f"
    .port_info 1 /INPUT 1 "a"
    .port_info 2 /INPUT 1 "b"
L_0x560536a35680 .functor BUFT 1, C8<771>, C4<0>, C4<0>, C4<0>;
L_0x560536a35720 .functor PMOS 1, L_0x560536a35680, v0x560536a35370_0, C4<0>, C4<0>;
L_0x560536a35880 .functor PMOS 1, L_0x560536a35680, v0x560536a35410_0, C4<0>, C4<0>;
L_0x560536a35940 .functor NMOS 1, L_0x560536a35a40, v0x560536a35370_0, C4<0>, C4<0>;
L_0x560536a355e0 .functor BUFT 1, C8<770>, C4<0>, C4<0>, C4<0>;
L_0x560536a35a40 .functor NMOS 1, L_0x560536a355e0, v0x560536a35410_0, C4<0>, C4<0>;
v0x5605369d9b50_0 .net "a", 0 0, v0x560536a35370_0;  1 drivers
v0x560536a34ed0_0 .net "b", 0 0, v0x560536a35410_0;  1 drivers
v0x560536a34f90_0 .net8 "f", 0 0, RS_0x7f3a6e4ac078;  alias, 3 drivers, strength-aware
v0x560536a35060_0 .net8 "gnd", 0 0, L_0x560536a355e0;  1 drivers, strength-aware
v0x560536a35120_0 .net8 "vdd", 0 0, L_0x560536a35680;  1 drivers, strength-aware
v0x560536a35230_0 .net8 "w_n", 0 0, L_0x560536a35a40;  1 drivers, strength-aware
    .scope S_0x560536a0fe20;
T_0 ;
    %pushi/vec4 0, 0, 1;
    %store/vec4 v0x560536a35370_0, 0, 1;
    %pushi/vec4 0, 0, 1;
    %store/vec4 v0x560536a35410_0, 0, 1;
    %delay 1, 0;
    %pushi/vec4 0, 0, 1;
    %store/vec4 v0x560536a35370_0, 0, 1;
    %pushi/vec4 1, 0, 1;
    %store/vec4 v0x560536a35410_0, 0, 1;
    %delay 1, 0;
    %pushi/vec4 1, 0, 1;
    %store/vec4 v0x560536a35370_0, 0, 1;
    %pushi/vec4 0, 0, 1;
    %store/vec4 v0x560536a35410_0, 0, 1;
    %delay 1, 0;
    %pushi/vec4 1, 0, 1;
    %store/vec4 v0x560536a35370_0, 0, 1;
    %pushi/vec4 1, 0, 1;
    %store/vec4 v0x560536a35410_0, 0, 1;
    %delay 1, 0;
    %vpi_call 2 15 "$finish" {0 0 0};
    %end;
    .thread T_0;
    .scope S_0x560536a0fe20;
T_1 ;
    %vpi_call 2 20 "$monitor", "%2d:\011a=%b \011b=%b \011f=%b", $time, v0x560536a35370_0, v0x560536a35410_0, v0x560536a354e0_0 {0 0 0};
    %end;
    .thread T_1;
# The file index is used to find the file name in the following table.
:file_names 4;
    "N/A";
    "<interactive>";
    "cmosNand_tb.v";
    "cmosNand.v";
