#! /usr/bin/vvp
:ivl_version "10.1 (stable)";
:ivl_delay_selection "TYPICAL";
:vpi_time_precision - 9;
:vpi_module "system";
:vpi_module "vhdl_sys";
:vpi_module "v2005_math";
:vpi_module "va_math";
S_0x55740716db50 .scope module, "mux2x1_coms_tb" "mux2x1_coms_tb" 2 3;
 .timescale -9 -9;
v0x5574071ce1c0_0 .var "a", 0 0;
v0x5574071ce2d0_0 .var "b", 0 0;
v0x5574071ce3e0_0 .var "s", 0 0;
RS_0x7f9f9b550018 .resolv tri, L_0x5574071ce820, L_0x5574071ce940, L_0x5574071cea60, L_0x5574071ceb10;
v0x5574071ce510_0 .net8 "y", 0 0, RS_0x7f9f9b550018;  4 drivers, strength-aware
S_0x55740716dcd0 .scope module, "mux2x1" "mux2x1_coms" 2 8, 3 1 0, S_0x55740716db50;
 .timescale -9 -9;
    .port_info 0 /INPUT 1 "a"
    .port_info 1 /INPUT 1 "b"
    .port_info 2 /INPUT 1 "s"
    .port_info 3 /OUTPUT 1 "y"
v0x5574071cdd80_0 .net "a", 0 0, v0x5574071ce1c0_0;  1 drivers
v0x5574071cde20_0 .net "b", 0 0, v0x5574071ce2d0_0;  1 drivers
v0x5574071cdef0_0 .net "s", 0 0, v0x5574071ce3e0_0;  1 drivers
RS_0x7f9f9b550048 .resolv tri, L_0x5574071ce690, L_0x5574071ce790;
v0x5574071cdfc0_0 .net8 "s_not", 0 0, RS_0x7f9f9b550048;  2 drivers, strength-aware
v0x5574071ce060_0 .net8 "y", 0 0, RS_0x7f9f9b550018;  alias, 4 drivers, strength-aware
S_0x5574071a6d40 .scope module, "c0" "cmosTran" 3 10, 4 1 0, S_0x55740716dcd0;
 .timescale 0 0;
    .port_info 0 /OUTPUT 1 "drain"
    .port_info 1 /INPUT 1 "source"
    .port_info 2 /INPUT 1 "n_gate"
    .port_info 3 /INPUT 1 "p_gate"
L_0x5574071ce820 .functor PMOS 1, v0x5574071ce1c0_0, v0x5574071ce3e0_0, C4<0>, C4<0>;
L_0x5574071ce940 .functor NMOS 1, v0x5574071ce1c0_0, RS_0x7f9f9b550048, C4<0>, C4<0>;
v0x5574071a6fb0_0 .net8 "drain", 0 0, RS_0x7f9f9b550018;  alias, 4 drivers, strength-aware
v0x5574071ccec0_0 .net8 "n_gate", 0 0, RS_0x7f9f9b550048;  alias, 2 drivers, strength-aware
v0x5574071ccf80_0 .net "p_gate", 0 0, v0x5574071ce3e0_0;  alias, 1 drivers
v0x5574071cd050_0 .net "source", 0 0, v0x5574071ce1c0_0;  alias, 1 drivers
S_0x5574071cd1c0 .scope module, "c1" "cmosTran" 3 11, 4 1 0, S_0x55740716dcd0;
 .timescale 0 0;
    .port_info 0 /OUTPUT 1 "drain"
    .port_info 1 /INPUT 1 "source"
    .port_info 2 /INPUT 1 "n_gate"
    .port_info 3 /INPUT 1 "p_gate"
L_0x5574071cea60 .functor PMOS 1, v0x5574071ce2d0_0, RS_0x7f9f9b550048, C4<0>, C4<0>;
L_0x5574071ceb10 .functor NMOS 1, v0x5574071ce2d0_0, v0x5574071ce3e0_0, C4<0>, C4<0>;
v0x5574071cd420_0 .net8 "drain", 0 0, RS_0x7f9f9b550018;  alias, 4 drivers, strength-aware
v0x5574071cd4f0_0 .net "n_gate", 0 0, v0x5574071ce3e0_0;  alias, 1 drivers
v0x5574071cd5c0_0 .net8 "p_gate", 0 0, RS_0x7f9f9b550048;  alias, 2 drivers, strength-aware
v0x5574071cd6c0_0 .net "source", 0 0, v0x5574071ce2d0_0;  alias, 1 drivers
S_0x5574071cd7b0 .scope module, "inv" "cmosnot" 3 7, 5 1 0, S_0x55740716dcd0;
 .timescale 0 0;
    .port_info 0 /OUTPUT 1 "f"
    .port_info 1 /INPUT 1 "a"
L_0x5574071ce620 .functor BUFT 1, C8<771>, C4<0>, C4<0>, C4<0>;
L_0x5574071ce690 .functor PMOS 1, L_0x5574071ce620, v0x5574071ce3e0_0, C4<0>, C4<0>;
L_0x5574071ce5b0 .functor BUFT 1, C8<770>, C4<0>, C4<0>, C4<0>;
L_0x5574071ce790 .functor NMOS 1, L_0x5574071ce5b0, v0x5574071ce3e0_0, C4<0>, C4<0>;
v0x5574071cd9c0_0 .net "a", 0 0, v0x5574071ce3e0_0;  alias, 1 drivers
v0x5574071cdad0_0 .net8 "f", 0 0, RS_0x7f9f9b550048;  alias, 2 drivers, strength-aware
v0x5574071cdbe0_0 .net8 "gnd", 0 0, L_0x5574071ce5b0;  1 drivers, strength-aware
v0x5574071cdc80_0 .net8 "vdd", 0 0, L_0x5574071ce620;  1 drivers, strength-aware
    .scope S_0x55740716db50;
T_0 ;
    %pushi/vec4 0, 0, 1;
    %store/vec4 v0x5574071ce1c0_0, 0, 1;
    %pushi/vec4 0, 0, 1;
    %store/vec4 v0x5574071ce2d0_0, 0, 1;
    %pushi/vec4 0, 0, 1;
    %store/vec4 v0x5574071ce3e0_0, 0, 1;
    %vpi_call 2 13 "$display", "time\011s\011a\011b\011y" {0 0 0};
    %vpi_call 2 14 "$monitor", "%2d: \011%b \011%b \011%b \011%b", $time, v0x5574071ce3e0_0, v0x5574071ce1c0_0, v0x5574071ce2d0_0, v0x5574071ce510_0 {0 0 0};
    %delay 8, 0;
    %vpi_call 2 15 "$finish" {0 0 0};
    %end;
    .thread T_0;
    .scope S_0x55740716db50;
T_1 ;
    %delay 1, 0;
    %load/vec4 v0x5574071ce1c0_0;
    %nor/r;
    %store/vec4 v0x5574071ce1c0_0, 0, 1;
    %jmp T_1;
    .thread T_1;
    .scope S_0x55740716db50;
T_2 ;
    %delay 2, 0;
    %load/vec4 v0x5574071ce2d0_0;
    %nor/r;
    %store/vec4 v0x5574071ce2d0_0, 0, 1;
    %jmp T_2;
    .thread T_2;
    .scope S_0x55740716db50;
T_3 ;
    %delay 4, 0;
    %load/vec4 v0x5574071ce3e0_0;
    %nor/r;
    %store/vec4 v0x5574071ce3e0_0, 0, 1;
    %jmp T_3;
    .thread T_3;
# The file index is used to find the file name in the following table.
:file_names 6;
    "N/A";
    "<interactive>";
    "mux2x1_coms_tb.v";
    "mux2x1_coms.v";
    "cmosTran.v";
    "cmosnot.v";
