#! /usr/bin/vvp
:ivl_version "10.1 (stable)";
:ivl_delay_selection "TYPICAL";
:vpi_time_precision - 9;
:vpi_module "system";
:vpi_module "vhdl_sys";
:vpi_module "v2005_math";
:vpi_module "va_math";
S_0x55e55cb6fb50 .scope module, "man_decoder_tb" "man_decoder_tb" 2 3;
 .timescale -9 -9;
v0x55e55cbcfc70_0 .var "clk_32Mhz", 0 0;
v0x55e55cbcfd30_0 .net "decoded_clk", 0 0, L_0x55e55cbd00c0;  1 drivers
v0x55e55cbcfe00_0 .net "decoded_data", 0 0, v0x55e55cbcf990_0;  1 drivers
v0x55e55cbcff00_0 .var "encoded_data", 0 0;
v0x55e55cbcffd0_0 .var "rst", 0 0;
S_0x55e55cb6fcd0 .scope module, "decoder" "man_decoder" 2 8, 3 1 0, S_0x55e55cb6fb50;
 .timescale -9 -9;
    .port_info 0 /INPUT 1 "encoded_data"
    .port_info 1 /INPUT 1 "clk_32Mhz"
    .port_info 2 /INPUT 1 "rst"
    .port_info 3 /OUTPUT 1 "decoded_data"
    .port_info 4 /OUTPUT 1 "decoded_clk"
L_0x55e55cbd00c0 .functor BUFZ 1, v0x55e55cbcf5f0_0, C4<0>, C4<0>, C4<0>;
v0x55e55cbac3f0_0 .net "clk_32Mhz", 0 0, v0x55e55cbcfc70_0;  1 drivers
v0x55e55cbcf5f0_0 .var "clk_4Mhz", 0 0;
v0x55e55cbcf6b0_0 .var "cnt1", 1 0;
v0x55e55cbcf7a0_0 .var "cnt2", 3 0;
v0x55e55cbcf880_0 .net "decoded_clk", 0 0, L_0x55e55cbd00c0;  alias, 1 drivers
v0x55e55cbcf990_0 .var "decoded_data", 0 0;
v0x55e55cbcfa50_0 .net "encoded_data", 0 0, v0x55e55cbcff00_0;  1 drivers
v0x55e55cbcfb10_0 .net "rst", 0 0, v0x55e55cbcffd0_0;  1 drivers
E_0x55e55cb703b0/0 .event negedge, v0x55e55cbcfb10_0;
E_0x55e55cb703b0/1 .event posedge, v0x55e55cbac3f0_0;
E_0x55e55cb703b0 .event/or E_0x55e55cb703b0/0, E_0x55e55cb703b0/1;
    .scope S_0x55e55cb6fcd0;
T_0 ;
    %wait E_0x55e55cb703b0;
    %load/vec4 v0x55e55cbcfb10_0;
    %flag_set/vec4 8;
    %jmp/0xz  T_0.0, 8;
    %pushi/vec4 0, 0, 1;
    %assign/vec4 v0x55e55cbcf5f0_0, 0;
    %pushi/vec4 0, 0, 2;
    %assign/vec4 v0x55e55cbcf6b0_0, 0;
    %pushi/vec4 0, 0, 4;
    %assign/vec4 v0x55e55cbcf7a0_0, 0;
    %pushi/vec4 0, 0, 1;
    %assign/vec4 v0x55e55cbcf990_0, 0;
    %jmp T_0.1;
T_0.0 ;
    %load/vec4 v0x55e55cbcf6b0_0;
    %cmpi/e 3, 0, 2;
    %jmp/0xz  T_0.2, 4;
    %load/vec4 v0x55e55cbcf5f0_0;
    %inv;
    %assign/vec4 v0x55e55cbcf5f0_0, 0;
T_0.2 ;
    %load/vec4 v0x55e55cbcf7a0_0;
    %cmpi/e 12, 0, 4;
    %jmp/0xz  T_0.4, 4;
    %load/vec4 v0x55e55cbcfa50_0;
    %assign/vec4 v0x55e55cbcf990_0, 0;
T_0.4 ;
    %load/vec4 v0x55e55cbcf6b0_0;
    %addi 1, 0, 2;
    %assign/vec4 v0x55e55cbcf6b0_0, 0;
    %load/vec4 v0x55e55cbcf7a0_0;
    %addi 1, 0, 4;
    %assign/vec4 v0x55e55cbcf7a0_0, 0;
T_0.1 ;
    %jmp T_0;
    .thread T_0;
    .scope S_0x55e55cb6fb50;
T_1 ;
    %delay 0, 0;
    %pushi/vec4 0, 0, 1;
    %store/vec4 v0x55e55cbcffd0_0, 0, 1;
    %pushi/vec4 0, 0, 1;
    %store/vec4 v0x55e55cbcfc70_0, 0, 1;
    %pushi/vec4 0, 0, 1;
    %store/vec4 v0x55e55cbcff00_0, 0, 1;
    %delay 1, 0;
    %pushi/vec4 1, 0, 1;
    %store/vec4 v0x55e55cbcffd0_0, 0, 1;
    %delay 1, 0;
    %pushi/vec4 0, 0, 1;
    %store/vec4 v0x55e55cbcffd0_0, 0, 1;
    %pushi/vec4 0, 0, 1;
    %store/vec4 v0x55e55cbcff00_0, 0, 1;
    %delay 32, 0;
    %pushi/vec4 1, 0, 1;
    %store/vec4 v0x55e55cbcff00_0, 0, 1;
    %delay 32, 0;
    %pushi/vec4 0, 0, 1;
    %store/vec4 v0x55e55cbcff00_0, 0, 1;
    %delay 32, 0;
    %pushi/vec4 1, 0, 1;
    %store/vec4 v0x55e55cbcff00_0, 0, 1;
    %delay 1, 0;
    %vpi_call 2 24 "$finish" {0 0 0};
    %end;
    .thread T_1;
    .scope S_0x55e55cb6fb50;
T_2 ;
    %vpi_call 2 28 "$monitor", "%2d: %b\011 %b\011", $time, v0x55e55cbcff00_0, v0x55e55cbcfe00_0 {0 0 0};
    %vpi_call 2 29 "$dumpfile", "decoder.vcd" {0 0 0};
    %vpi_call 2 30 "$dumpvars" {0 0 0};
    %end;
    .thread T_2;
    .scope S_0x55e55cb6fb50;
T_3 ;
    %delay 1, 0;
    %load/vec4 v0x55e55cbcfc70_0;
    %inv;
    %store/vec4 v0x55e55cbcfc70_0, 0, 1;
    %jmp T_3;
    .thread T_3;
# The file index is used to find the file name in the following table.
:file_names 4;
    "N/A";
    "<interactive>";
    "man_decoder_tb.v";
    "man_decoder.v";
