#! /usr/bin/vvp
:ivl_version "10.1 (stable)";
:ivl_delay_selection "TYPICAL";
:vpi_time_precision - 9;
:vpi_module "system";
:vpi_module "vhdl_sys";
:vpi_module "v2005_math";
:vpi_module "va_math";
S_0x5595b3b07570 .scope module, "mux2x32_tb" "mux2x32_tb" 2 3;
 .timescale -9 -9;
v0x5595b3b2d0e0_0 .var "a0", 31 0;
v0x5595b3b2d1c0_0 .var "a1", 31 0;
v0x5595b3b2d290_0 .var "s", 0 0;
v0x5595b3b2d390_0 .net "y", 31 0, L_0x5595b3b2d460;  1 drivers
S_0x5595b3b076f0 .scope module, "mux2x32" "mux2x32" 2 9, 3 3 0, S_0x5595b3b07570;
 .timescale 0 0;
    .port_info 0 /INPUT 32 "a0"
    .port_info 1 /INPUT 32 "a1"
    .port_info 2 /INPUT 1 "s"
    .port_info 3 /OUTPUT 32 "y"
v0x5595b3b0acd0_0 .net "a0", 31 0, v0x5595b3b2d0e0_0;  1 drivers
v0x5595b3b2cda0_0 .net "a1", 31 0, v0x5595b3b2d1c0_0;  1 drivers
v0x5595b3b2ce80_0 .net "s", 0 0, v0x5595b3b2d290_0;  1 drivers
v0x5595b3b2cf50_0 .net "y", 31 0, L_0x5595b3b2d460;  alias, 1 drivers
L_0x5595b3b2d460 .functor MUXZ 32, v0x5595b3b2d0e0_0, v0x5595b3b2d1c0_0, v0x5595b3b2d290_0, C4<>;
    .scope S_0x5595b3b07570;
T_0 ;
    %pushi/vec4 0, 0, 32;
    %store/vec4 v0x5595b3b2d0e0_0, 0, 32;
    %pushi/vec4 0, 0, 32;
    %store/vec4 v0x5595b3b2d1c0_0, 0, 32;
    %pushi/vec4 0, 0, 1;
    %store/vec4 v0x5595b3b2d290_0, 0, 1;
    %vpi_call 2 17 "$display", "time\011s\011a0\011a1\011y" {0 0 0};
    %vpi_call 2 18 "$monitor", "%2d:\011%b\011%b\011%b\011%b", $time, v0x5595b3b2d290_0, v0x5595b3b2d0e0_0, v0x5595b3b2d1c0_0, v0x5595b3b2d390_0 {0 0 0};
    %delay 10, 0;
    %vpi_call 2 20 "$finish" {0 0 0};
    %end;
    .thread T_0;
    .scope S_0x5595b3b07570;
T_1 ;
    %delay 1, 0;
    %load/vec4 v0x5595b3b2d0e0_0;
    %addi 1, 0, 32;
    %store/vec4 v0x5595b3b2d0e0_0, 0, 32;
    %jmp T_1;
    .thread T_1;
    .scope S_0x5595b3b07570;
T_2 ;
    %delay 2, 0;
    %load/vec4 v0x5595b3b2d1c0_0;
    %addi 1, 0, 32;
    %store/vec4 v0x5595b3b2d1c0_0, 0, 32;
    %jmp T_2;
    .thread T_2;
    .scope S_0x5595b3b07570;
T_3 ;
    %delay 5, 0;
    %load/vec4 v0x5595b3b2d290_0;
    %nor/r;
    %store/vec4 v0x5595b3b2d290_0, 0, 1;
    %jmp T_3;
    .thread T_3;
# The file index is used to find the file name in the following table.
:file_names 4;
    "N/A";
    "<interactive>";
    "mux2x32_tb.v";
    "mux2x32.v";
