#! /usr/bin/vvp
:ivl_version "10.1 (stable)";
:ivl_delay_selection "TYPICAL";
:vpi_time_precision - 9;
:vpi_module "system";
:vpi_module "vhdl_sys";
:vpi_module "v2005_math";
:vpi_module "va_math";
S_0x5557dc745bf0 .scope module, "d_latch_tb" "d_latch_tb" 2 3;
 .timescale -9 -9;
v0x5557dc7a2220_0 .var "c", 0 0;
v0x5557dc7a22e0_0 .var "d", 0 0;
v0x5557dc7a23b0_0 .net "q", 0 0, L_0x5557dc7a28a0;  1 drivers
v0x5557dc7a24d0_0 .net "qn", 0 0, L_0x5557dc7a2950;  1 drivers
S_0x5557dc745d70 .scope module, "d_latch" "d_latch" 2 8, 3 2 0, S_0x5557dc745bf0;
 .timescale -9 -9;
    .port_info 0 /INPUT 1 "d"
    .port_info 1 /INPUT 1 "c"
    .port_info 2 /OUTPUT 1 "q"
    .port_info 3 /OUTPUT 1 "qn"
L_0x5557dc7a25c0 .functor NAND 1, v0x5557dc7a2220_0, v0x5557dc7a22e0_0, C4<1>, C4<1>;
L_0x5557dc7a2720 .functor NAND 1, L_0x5557dc7a27e0, v0x5557dc7a22e0_0, C4<1>, C4<1>;
L_0x5557dc7a27e0 .functor NOT 1, v0x5557dc7a2220_0, C4<0>, C4<0>, C4<0>;
v0x5557dc7a1c30_0 .net *"_s0", 0 0, L_0x5557dc7a27e0;  1 drivers
v0x5557dc7a1d30_0 .net "c", 0 0, v0x5557dc7a22e0_0;  1 drivers
v0x5557dc7a1df0_0 .net "d", 0 0, v0x5557dc7a2220_0;  1 drivers
v0x5557dc7a1e90_0 .net "q", 0 0, L_0x5557dc7a28a0;  alias, 1 drivers
v0x5557dc7a1f60_0 .net "qn", 0 0, L_0x5557dc7a2950;  alias, 1 drivers
v0x5557dc7a2050_0 .net "r", 0 0, L_0x5557dc7a2720;  1 drivers
v0x5557dc7a2120_0 .net "s", 0 0, L_0x5557dc7a25c0;  1 drivers
S_0x5557dc77de10 .scope module, "rs" "rs_latch" 3 12, 4 2 0, S_0x5557dc745d70;
 .timescale -9 -9;
    .port_info 0 /INPUT 1 "s"
    .port_info 1 /INPUT 1 "r"
    .port_info 2 /OUTPUT 1 "q"
    .port_info 3 /OUTPUT 1 "qn"
L_0x5557dc7a28a0 .functor NAND 1, L_0x5557dc7a25c0, L_0x5557dc7a2950, C4<1>, C4<1>;
L_0x5557dc7a2950 .functor NAND 1, L_0x5557dc7a2720, L_0x5557dc7a28a0, C4<1>, C4<1>;
v0x5557dc77e080_0 .net "q", 0 0, L_0x5557dc7a28a0;  alias, 1 drivers
v0x5557dc7a1930_0 .net "qn", 0 0, L_0x5557dc7a2950;  alias, 1 drivers
v0x5557dc7a19f0_0 .net "r", 0 0, L_0x5557dc7a2720;  alias, 1 drivers
v0x5557dc7a1ac0_0 .net "s", 0 0, L_0x5557dc7a25c0;  alias, 1 drivers
    .scope S_0x5557dc745bf0;
T_0 ;
    %delay 0, 0;
    %pushi/vec4 0, 0, 1;
    %store/vec4 v0x5557dc7a2220_0, 0, 1;
    %pushi/vec4 0, 0, 1;
    %store/vec4 v0x5557dc7a22e0_0, 0, 1;
    %delay 28, 0;
    %vpi_call 2 12 "$finish" {0 0 0};
    %end;
    .thread T_0;
    .scope S_0x5557dc745bf0;
T_1 ;
    %vpi_call 2 16 "$dumpfile", "d_latch.vcd" {0 0 0};
    %vpi_call 2 17 "$dumpvars" {0 0 0};
    %end;
    .thread T_1;
    .scope S_0x5557dc745bf0;
T_2 ;
    %delay 4, 0;
    %load/vec4 v0x5557dc7a2220_0;
    %nor/r;
    %store/vec4 v0x5557dc7a2220_0, 0, 1;
    %jmp T_2;
    .thread T_2;
    .scope S_0x5557dc745bf0;
T_3 ;
    %delay 3, 0;
    %load/vec4 v0x5557dc7a22e0_0;
    %nor/r;
    %store/vec4 v0x5557dc7a22e0_0, 0, 1;
    %jmp T_3;
    .thread T_3;
# The file index is used to find the file name in the following table.
:file_names 5;
    "N/A";
    "<interactive>";
    "d_latch_tb.v";
    "d_latch.v";
    "rs_latch.v";
