#! /usr/bin/vvp
:ivl_version "10.1 (stable)";
:ivl_delay_selection "TYPICAL";
:vpi_time_precision - 9;
:vpi_module "system";
:vpi_module "vhdl_sys";
:vpi_module "v2005_math";
:vpi_module "va_math";
S_0x55fc173c4bf0 .scope module, "dff_tb" "dff_tb" 2 3;
 .timescale -9 -9;
v0x55fc1742a2b0_0 .var "clk", 0 0;
v0x55fc1742a350_0 .var "d", 0 0;
v0x55fc1742a440_0 .net "q", 0 0, L_0x55fc1742af80;  1 drivers
v0x55fc1742a4e0_0 .net "qn", 0 0, L_0x55fc1742b150;  1 drivers
S_0x55fc173c4d70 .scope module, "dff" "dff" 2 7, 3 2 0, S_0x55fc173c4bf0;
 .timescale 0 0;
    .port_info 0 /INPUT 1 "d"
    .port_info 1 /INPUT 1 "clk"
    .port_info 2 /OUTPUT 1 "q"
    .port_info 3 /OUTPUT 1 "qn"
L_0x55fc1742a580 .functor NOT 1, v0x55fc1742a2b0_0, C4<0>, C4<0>, C4<0>;
L_0x55fc1742a690 .functor NOT 1, L_0x55fc1742a580, C4<0>, C4<0>, C4<0>;
v0x55fc17429ba0_0 .net "clk", 0 0, v0x55fc1742a2b0_0;  1 drivers
v0x55fc17429c60_0 .net "clkn", 0 0, L_0x55fc1742a580;  1 drivers
v0x55fc17429d20_0 .net "clknn", 0 0, L_0x55fc1742a690;  1 drivers
v0x55fc17429e20_0 .net "d", 0 0, v0x55fc1742a350_0;  1 drivers
v0x55fc17429ef0_0 .net "q", 0 0, L_0x55fc1742af80;  alias, 1 drivers
v0x55fc1742a030_0 .net "q0", 0 0, L_0x55fc1742aae0;  1 drivers
v0x55fc1742a0d0_0 .net "qn", 0 0, L_0x55fc1742b150;  alias, 1 drivers
v0x55fc1742a1c0_0 .net "qn0", 0 0, L_0x55fc1742ac20;  1 drivers
S_0x55fc173fdc60 .scope module, "d_master" "d_latch" 3 13, 4 2 0, S_0x55fc173c4d70;
 .timescale 0 0;
    .port_info 0 /INPUT 1 "d"
    .port_info 1 /INPUT 1 "c"
    .port_info 2 /OUTPUT 1 "q"
    .port_info 3 /OUTPUT 1 "qn"
L_0x55fc1742a770 .functor NAND 1, v0x55fc1742a350_0, L_0x55fc1742a580, C4<1>, C4<1>;
L_0x55fc1742a900 .functor NAND 1, L_0x55fc1742a990, L_0x55fc1742a580, C4<1>, C4<1>;
L_0x55fc1742a990 .functor NOT 1, v0x55fc1742a350_0, C4<0>, C4<0>, C4<0>;
v0x55fc174286f0_0 .net *"_s0", 0 0, L_0x55fc1742a990;  1 drivers
v0x55fc174287f0_0 .net "c", 0 0, L_0x55fc1742a580;  alias, 1 drivers
v0x55fc174288b0_0 .net "d", 0 0, v0x55fc1742a350_0;  alias, 1 drivers
v0x55fc17428950_0 .net "q", 0 0, L_0x55fc1742aae0;  alias, 1 drivers
v0x55fc17428a20_0 .net "qn", 0 0, L_0x55fc1742ac20;  alias, 1 drivers
v0x55fc17428b10_0 .net "r", 0 0, L_0x55fc1742a900;  1 drivers
v0x55fc17428be0_0 .net "s", 0 0, L_0x55fc1742a770;  1 drivers
S_0x55fc173fc9c0 .scope module, "rs" "rs_latch" 4 12, 5 2 0, S_0x55fc173fdc60;
 .timescale 0 0;
    .port_info 0 /INPUT 1 "s"
    .port_info 1 /INPUT 1 "r"
    .port_info 2 /OUTPUT 1 "q"
    .port_info 3 /OUTPUT 1 "qn"
L_0x55fc1742aae0 .functor NAND 1, L_0x55fc1742a770, L_0x55fc1742ac20, C4<1>, C4<1>;
L_0x55fc1742ac20 .functor NAND 1, L_0x55fc1742a900, L_0x55fc1742aae0, C4<1>, C4<1>;
v0x55fc173fcc30_0 .net "q", 0 0, L_0x55fc1742aae0;  alias, 1 drivers
v0x55fc174283f0_0 .net "qn", 0 0, L_0x55fc1742ac20;  alias, 1 drivers
v0x55fc174284b0_0 .net "r", 0 0, L_0x55fc1742a900;  alias, 1 drivers
v0x55fc17428580_0 .net "s", 0 0, L_0x55fc1742a770;  alias, 1 drivers
S_0x55fc17428ce0 .scope module, "d_slave" "d_latch" 3 14, 4 2 0, S_0x55fc173c4d70;
 .timescale 0 0;
    .port_info 0 /INPUT 1 "d"
    .port_info 1 /INPUT 1 "c"
    .port_info 2 /OUTPUT 1 "q"
    .port_info 3 /OUTPUT 1 "qn"
L_0x55fc1742ad40 .functor NAND 1, L_0x55fc1742aae0, L_0x55fc1742a690, C4<1>, C4<1>;
L_0x55fc1742adf0 .functor NAND 1, L_0x55fc1742af10, L_0x55fc1742a690, C4<1>, C4<1>;
L_0x55fc1742af10 .functor NOT 1, L_0x55fc1742aae0, C4<0>, C4<0>, C4<0>;
v0x55fc17429590_0 .net *"_s0", 0 0, L_0x55fc1742af10;  1 drivers
v0x55fc17429690_0 .net "c", 0 0, L_0x55fc1742a690;  alias, 1 drivers
v0x55fc17429750_0 .net "d", 0 0, L_0x55fc1742aae0;  alias, 1 drivers
v0x55fc17429840_0 .net "q", 0 0, L_0x55fc1742af80;  alias, 1 drivers
v0x55fc174298e0_0 .net "qn", 0 0, L_0x55fc1742b150;  alias, 1 drivers
v0x55fc174299d0_0 .net "r", 0 0, L_0x55fc1742adf0;  1 drivers
v0x55fc17429aa0_0 .net "s", 0 0, L_0x55fc1742ad40;  1 drivers
S_0x55fc17428f40 .scope module, "rs" "rs_latch" 4 12, 5 2 0, S_0x55fc17428ce0;
 .timescale 0 0;
    .port_info 0 /INPUT 1 "s"
    .port_info 1 /INPUT 1 "r"
    .port_info 2 /OUTPUT 1 "q"
    .port_info 3 /OUTPUT 1 "qn"
L_0x55fc1742af80 .functor NAND 1, L_0x55fc1742ad40, L_0x55fc1742b150, C4<1>, C4<1>;
L_0x55fc1742b150 .functor NAND 1, L_0x55fc1742adf0, L_0x55fc1742af80, C4<1>, C4<1>;
v0x55fc174291b0_0 .net "q", 0 0, L_0x55fc1742af80;  alias, 1 drivers
v0x55fc17429290_0 .net "qn", 0 0, L_0x55fc1742b150;  alias, 1 drivers
v0x55fc17429350_0 .net "r", 0 0, L_0x55fc1742adf0;  alias, 1 drivers
v0x55fc17429420_0 .net "s", 0 0, L_0x55fc1742ad40;  alias, 1 drivers
    .scope S_0x55fc173c4bf0;
T_0 ;
    %delay 0, 0;
    %pushi/vec4 0, 0, 1;
    %store/vec4 v0x55fc1742a2b0_0, 0, 1;
    %pushi/vec4 0, 0, 1;
    %store/vec4 v0x55fc1742a350_0, 0, 1;
    %delay 2, 0;
    %pushi/vec4 1, 0, 1;
    %store/vec4 v0x55fc1742a350_0, 0, 1;
    %delay 2, 0;
    %pushi/vec4 0, 0, 1;
    %store/vec4 v0x55fc1742a350_0, 0, 1;
    %delay 2, 0;
    %pushi/vec4 1, 0, 1;
    %store/vec4 v0x55fc1742a350_0, 0, 1;
    %delay 2, 0;
    %pushi/vec4 0, 0, 1;
    %store/vec4 v0x55fc1742a350_0, 0, 1;
    %delay 1, 0;
    %pushi/vec4 1, 0, 1;
    %store/vec4 v0x55fc1742a350_0, 0, 1;
    %delay 2, 0;
    %pushi/vec4 0, 0, 1;
    %store/vec4 v0x55fc1742a350_0, 0, 1;
    %delay 3, 0;
    %pushi/vec4 1, 0, 1;
    %store/vec4 v0x55fc1742a350_0, 0, 1;
    %delay 2, 0;
    %pushi/vec4 0, 0, 1;
    %store/vec4 v0x55fc1742a350_0, 0, 1;
    %delay 2, 0;
    %pushi/vec4 1, 0, 1;
    %store/vec4 v0x55fc1742a350_0, 0, 1;
    %delay 1, 0;
    %pushi/vec4 0, 0, 1;
    %store/vec4 v0x55fc1742a350_0, 0, 1;
    %delay 2, 0;
    %pushi/vec4 1, 0, 1;
    %store/vec4 v0x55fc1742a350_0, 0, 1;
    %delay 3, 0;
    %pushi/vec4 0, 0, 1;
    %store/vec4 v0x55fc1742a350_0, 0, 1;
    %delay 6, 0;
    %vpi_call 2 24 "$finish" {0 0 0};
    %end;
    .thread T_0;
    .scope S_0x55fc173c4bf0;
T_1 ;
    %vpi_call 2 28 "$dumpfile", "dff.vcd" {0 0 0};
    %vpi_call 2 29 "$dumpvars" {0 0 0};
    %end;
    .thread T_1;
    .scope S_0x55fc173c4bf0;
T_2 ;
    %delay 5, 0;
    %load/vec4 v0x55fc1742a2b0_0;
    %nor/r;
    %store/vec4 v0x55fc1742a2b0_0, 0, 1;
    %jmp T_2;
    .thread T_2;
# The file index is used to find the file name in the following table.
:file_names 6;
    "N/A";
    "<interactive>";
    "dff_tb.v";
    "dFF_dLatch.v";
    "d_latch.v";
    "rs_latch.v";
