#! /usr/bin/vvp
:ivl_version "10.1 (stable)";
:ivl_delay_selection "TYPICAL";
:vpi_time_precision - 9;
:vpi_module "system";
:vpi_module "vhdl_sys";
:vpi_module "v2005_math";
:vpi_module "va_math";
S_0x55fc1262dbf0 .scope module, "jkff_tb" "jkff_tb" 2 2;
 .timescale -9 -9;
v0x55fc1268a4c0_0 .var "clk", 0 0;
v0x55fc1268a580_0 .var "clrn", 0 0;
v0x55fc1268a650_0 .var "j", 0 0;
v0x55fc1268a750_0 .var "k", 0 0;
v0x55fc1268a820_0 .net "q", 0 0, v0x55fc1268a310_0;  1 drivers
S_0x55fc1262dd70 .scope module, "jkff" "jkff" 2 7, 3 4 0, S_0x55fc1262dbf0;
 .timescale -9 -9;
    .port_info 0 /INPUT 1 "j"
    .port_info 1 /INPUT 1 "k"
    .port_info 2 /INPUT 1 "clk"
    .port_info 3 /INPUT 1 "clrn"
    .port_info 4 /OUTPUT 1 "q"
v0x55fc126658c0_0 .net "clk", 0 0, v0x55fc1268a4c0_0;  1 drivers
v0x55fc1268a0c0_0 .net "clrn", 0 0, v0x55fc1268a580_0;  1 drivers
v0x55fc1268a180_0 .net "j", 0 0, v0x55fc1268a650_0;  1 drivers
v0x55fc1268a250_0 .net "k", 0 0, v0x55fc1268a750_0;  1 drivers
v0x55fc1268a310_0 .var "q", 0 0;
E_0x55fc1262d660/0 .event negedge, v0x55fc1268a0c0_0;
E_0x55fc1262d660/1 .event posedge, v0x55fc126658c0_0;
E_0x55fc1262d660 .event/or E_0x55fc1262d660/0, E_0x55fc1262d660/1;
    .scope S_0x55fc1262dd70;
T_0 ;
    %wait E_0x55fc1262d660;
    %load/vec4 v0x55fc1268a0c0_0;
    %nor/r;
    %flag_set/vec4 8;
    %jmp/0xz  T_0.0, 8;
    %pushi/vec4 0, 0, 1;
    %assign/vec4 v0x55fc1268a310_0, 0;
    %jmp T_0.1;
T_0.0 ;
    %load/vec4 v0x55fc1268a180_0;
    %load/vec4 v0x55fc1268a310_0;
    %inv;
    %and;
    %load/vec4 v0x55fc1268a250_0;
    %inv;
    %load/vec4 v0x55fc1268a310_0;
    %and;
    %or;
    %assign/vec4 v0x55fc1268a310_0, 0;
T_0.1 ;
    %jmp T_0;
    .thread T_0;
    .scope S_0x55fc1262dbf0;
T_1 ;
    %pushi/vec4 1, 0, 1;
    %store/vec4 v0x55fc1268a4c0_0, 0, 1;
    %pushi/vec4 0, 0, 1;
    %store/vec4 v0x55fc1268a580_0, 0, 1;
    %pushi/vec4 0, 0, 1;
    %store/vec4 v0x55fc1268a650_0, 0, 1;
    %pushi/vec4 0, 0, 1;
    %store/vec4 v0x55fc1268a750_0, 0, 1;
    %delay 1, 0;
    %pushi/vec4 1, 0, 1;
    %store/vec4 v0x55fc1268a580_0, 0, 1;
    %pushi/vec4 1, 0, 1;
    %store/vec4 v0x55fc1268a750_0, 0, 1;
    %delay 2, 0;
    %pushi/vec4 0, 0, 1;
    %store/vec4 v0x55fc1268a750_0, 0, 1;
    %pushi/vec4 1, 0, 1;
    %store/vec4 v0x55fc1268a650_0, 0, 1;
    %delay 2, 0;
    %pushi/vec4 0, 0, 1;
    %store/vec4 v0x55fc1268a650_0, 0, 1;
    %delay 2, 0;
    %pushi/vec4 1, 0, 1;
    %store/vec4 v0x55fc1268a750_0, 0, 1;
    %pushi/vec4 1, 0, 1;
    %store/vec4 v0x55fc1268a650_0, 0, 1;
    %delay 8, 0;
    %pushi/vec4 0, 0, 1;
    %store/vec4 v0x55fc1268a750_0, 0, 1;
    %pushi/vec4 0, 0, 1;
    %store/vec4 v0x55fc1268a650_0, 0, 1;
    %delay 2, 0;
    %vpi_call 2 17 "$finish" {0 0 0};
    %end;
    .thread T_1;
    .scope S_0x55fc1262dbf0;
T_2 ;
    %vpi_call 2 21 "$dumpfile", "jkff.vcd" {0 0 0};
    %vpi_call 2 22 "$dumpvars" {0 0 0};
    %end;
    .thread T_2;
    .scope S_0x55fc1262dbf0;
T_3 ;
    %delay 1, 0;
    %load/vec4 v0x55fc1268a4c0_0;
    %nor/r;
    %store/vec4 v0x55fc1268a4c0_0, 0, 1;
    %jmp T_3;
    .thread T_3;
# The file index is used to find the file name in the following table.
:file_names 4;
    "N/A";
    "<interactive>";
    "jkff_tb.v";
    "jkff.v";
