#! /usr/bin/vvp
:ivl_version "10.1 (stable)";
:ivl_delay_selection "TYPICAL";
:vpi_time_precision - 9;
:vpi_module "system";
:vpi_module "vhdl_sys";
:vpi_module "v2005_math";
:vpi_module "va_math";
S_0x5619bc4830c0 .scope module, "mux2x1_behavioral_tb" "mux2x1_behavioral_tb" 2 3;
 .timescale -9 -9;
v0x5619bc4a9660_0 .var "a", 0 0;
v0x5619bc4a9720_0 .var "b", 0 0;
v0x5619bc4a97f0_0 .var "s", 0 0;
v0x5619bc4a98f0_0 .net "y", 0 0, L_0x5619bc4a99c0;  1 drivers
S_0x5619bc483240 .scope module, "mux2x1" "mux2x1_behavioral" 2 8, 3 1 0, S_0x5619bc4830c0;
 .timescale 0 0;
    .port_info 0 /INPUT 1 "a"
    .port_info 1 /INPUT 1 "b"
    .port_info 2 /INPUT 1 "s"
    .port_info 3 /OUTPUT 1 "y"
v0x5619bc4a9280_0 .net "a", 0 0, v0x5619bc4a9660_0;  1 drivers
v0x5619bc4a9360_0 .net "b", 0 0, v0x5619bc4a9720_0;  1 drivers
v0x5619bc4a9420_0 .net "s", 0 0, v0x5619bc4a97f0_0;  1 drivers
v0x5619bc4a94f0_0 .net "y", 0 0, L_0x5619bc4a99c0;  alias, 1 drivers
L_0x5619bc4a99c0 .ufunc TD_mux2x1_behavioral_tb.mux2x1.sele, 1, v0x5619bc4a9660_0, v0x5619bc4a9720_0, v0x5619bc4a97f0_0 (v0x5619bc44cd20_0, v0x5619bc4a9030_0, v0x5619bc4a90f0_0) v0x5619bc4a91c0_0 S_0x5619bc44cb50;
S_0x5619bc44cb50 .scope function, "sele" "sele" 3 7, 3 7 0, S_0x5619bc483240;
 .timescale 0 0;
v0x5619bc44cd20_0 .var "a", 0 0;
v0x5619bc4a9030_0 .var "b", 0 0;
v0x5619bc4a90f0_0 .var "s", 0 0;
v0x5619bc4a91c0_0 .var "sele", 0 0;
TD_mux2x1_behavioral_tb.mux2x1.sele ;
    %load/vec4 v0x5619bc4a90f0_0;
    %dup/vec4;
    %pushi/vec4 0, 0, 1;
    %cmp/u;
    %jmp/1 T_0.0, 6;
    %dup/vec4;
    %pushi/vec4 1, 0, 1;
    %cmp/u;
    %jmp/1 T_0.1, 6;
    %jmp T_0.2;
T_0.0 ;
    %load/vec4 v0x5619bc44cd20_0;
    %store/vec4 v0x5619bc4a91c0_0, 0, 1;
    %jmp T_0.2;
T_0.1 ;
    %load/vec4 v0x5619bc4a9030_0;
    %store/vec4 v0x5619bc4a91c0_0, 0, 1;
    %jmp T_0.2;
T_0.2 ;
    %pop/vec4 1;
    %end;
    .scope S_0x5619bc4830c0;
T_1 ;
    %pushi/vec4 0, 0, 1;
    %store/vec4 v0x5619bc4a9660_0, 0, 1;
    %pushi/vec4 0, 0, 1;
    %store/vec4 v0x5619bc4a9720_0, 0, 1;
    %pushi/vec4 0, 0, 1;
    %store/vec4 v0x5619bc4a97f0_0, 0, 1;
    %vpi_call 2 13 "$display", "time\011s\011a\011b\011y" {0 0 0};
    %vpi_call 2 14 "$monitor", "%2d: \011%b \011%b \011%b \011%b", $time, v0x5619bc4a97f0_0, v0x5619bc4a9660_0, v0x5619bc4a9720_0, v0x5619bc4a98f0_0 {0 0 0};
    %delay 8, 0;
    %vpi_call 2 15 "$finish" {0 0 0};
    %end;
    .thread T_1;
    .scope S_0x5619bc4830c0;
T_2 ;
    %delay 1, 0;
    %load/vec4 v0x5619bc4a9660_0;
    %nor/r;
    %store/vec4 v0x5619bc4a9660_0, 0, 1;
    %jmp T_2;
    .thread T_2;
    .scope S_0x5619bc4830c0;
T_3 ;
    %delay 2, 0;
    %load/vec4 v0x5619bc4a9720_0;
    %nor/r;
    %store/vec4 v0x5619bc4a9720_0, 0, 1;
    %jmp T_3;
    .thread T_3;
    .scope S_0x5619bc4830c0;
T_4 ;
    %delay 4, 0;
    %load/vec4 v0x5619bc4a97f0_0;
    %nor/r;
    %store/vec4 v0x5619bc4a97f0_0, 0, 1;
    %jmp T_4;
    .thread T_4;
# The file index is used to find the file name in the following table.
:file_names 4;
    "N/A";
    "<interactive>";
    "mux2x1_behavioral_tb.v";
    "mux2x1_behavioral_function_case_all.v";
