#! /usr/bin/vvp
:ivl_version "10.1 (stable)";
:ivl_delay_selection "TYPICAL";
:vpi_time_precision - 9;
:vpi_module "system";
:vpi_module "vhdl_sys";
:vpi_module "v2005_math";
:vpi_module "va_math";
S_0x557debb65f20 .scope module, "mux2x1_behavioral_tb" "mux2x1_behavioral_tb" 2 3;
 .timescale -9 -9;
v0x557debb8b620_0 .var "a", 0 0;
v0x557debb8b6e0_0 .var "b", 0 0;
v0x557debb8b7b0_0 .var "s", 0 0;
v0x557debb8b8b0_0 .net "y", 0 0, v0x557debb8b4b0_0;  1 drivers
S_0x557debb660a0 .scope module, "mux2x1" "mux2x1_behavioral" 2 8, 3 1 0, S_0x557debb65f20;
 .timescale 0 0;
    .port_info 0 /INPUT 1 "a"
    .port_info 1 /INPUT 1 "b"
    .port_info 2 /INPUT 1 "s"
    .port_info 3 /OUTPUT 1 "y"
v0x557debb2fbc0_0 .net "a", 0 0, v0x557debb8b620_0;  1 drivers
v0x557debb8b320_0 .net "b", 0 0, v0x557debb8b6e0_0;  1 drivers
v0x557debb8b3e0_0 .net "s", 0 0, v0x557debb8b7b0_0;  1 drivers
v0x557debb8b4b0_0 .var "y", 0 0;
E_0x557debb663d0 .event edge, v0x557debb8b320_0, v0x557debb2fbc0_0, v0x557debb8b3e0_0;
    .scope S_0x557debb660a0;
T_0 ;
    %wait E_0x557debb663d0;
    %load/vec4 v0x557debb8b3e0_0;
    %flag_set/vec4 8;
    %jmp/0xz  T_0.0, 8;
    %load/vec4 v0x557debb8b320_0;
    %store/vec4 v0x557debb8b4b0_0, 0, 1;
    %jmp T_0.1;
T_0.0 ;
    %load/vec4 v0x557debb2fbc0_0;
    %store/vec4 v0x557debb8b4b0_0, 0, 1;
T_0.1 ;
    %jmp T_0;
    .thread T_0, $push;
    .scope S_0x557debb65f20;
T_1 ;
    %pushi/vec4 0, 0, 1;
    %store/vec4 v0x557debb8b620_0, 0, 1;
    %pushi/vec4 0, 0, 1;
    %store/vec4 v0x557debb8b6e0_0, 0, 1;
    %pushi/vec4 0, 0, 1;
    %store/vec4 v0x557debb8b7b0_0, 0, 1;
    %vpi_call 2 13 "$display", "time\011s\011a\011b\011y" {0 0 0};
    %vpi_call 2 14 "$monitor", "%2d: \011%b \011%b \011%b \011%b", $time, v0x557debb8b7b0_0, v0x557debb8b620_0, v0x557debb8b6e0_0, v0x557debb8b8b0_0 {0 0 0};
    %delay 8, 0;
    %vpi_call 2 15 "$finish" {0 0 0};
    %end;
    .thread T_1;
    .scope S_0x557debb65f20;
T_2 ;
    %delay 1, 0;
    %load/vec4 v0x557debb8b620_0;
    %nor/r;
    %store/vec4 v0x557debb8b620_0, 0, 1;
    %jmp T_2;
    .thread T_2;
    .scope S_0x557debb65f20;
T_3 ;
    %delay 2, 0;
    %load/vec4 v0x557debb8b6e0_0;
    %nor/r;
    %store/vec4 v0x557debb8b6e0_0, 0, 1;
    %jmp T_3;
    .thread T_3;
    .scope S_0x557debb65f20;
T_4 ;
    %delay 4, 0;
    %load/vec4 v0x557debb8b7b0_0;
    %nor/r;
    %store/vec4 v0x557debb8b7b0_0, 0, 1;
    %jmp T_4;
    .thread T_4;
# The file index is used to find the file name in the following table.
:file_names 4;
    "N/A";
    "<interactive>";
    "mux2x1_behavioral_tb.v";
    "mux2x1_behavioral_if_else.v";
