#! /usr/bin/vvp
:ivl_version "10.1 (stable)";
:ivl_delay_selection "TYPICAL";
:vpi_time_precision - 9;
:vpi_module "system";
:vpi_module "vhdl_sys";
:vpi_module "v2005_math";
:vpi_module "va_math";
S_0x55f40ea2cf00 .scope module, "tff_tb" "tff_tb" 2 2;
 .timescale -9 -9;
v0x55f40ea50ef0_0 .var "clk", 0 0;
v0x55f40ea50fb0_0 .var "clrn", 0 0;
v0x55f40ea51080_0 .net "q", 0 0, v0x55f40ea50cb0_0;  1 drivers
v0x55f40ea51180_0 .var "t", 0 0;
S_0x55f40ea2d080 .scope module, "t_ff" "tff" 2 5, 3 1 0, S_0x55f40ea2cf00;
 .timescale -9 -9;
    .port_info 0 /INPUT 1 "t"
    .port_info 1 /INPUT 1 "clk"
    .port_info 2 /INPUT 1 "clrn"
    .port_info 3 /OUTPUT 1 "q"
v0x55f40e9f5be0_0 .net "clk", 0 0, v0x55f40ea50ef0_0;  1 drivers
v0x55f40ea50bf0_0 .net "clrn", 0 0, v0x55f40ea50fb0_0;  1 drivers
v0x55f40ea50cb0_0 .var "q", 0 0;
v0x55f40ea50d80_0 .net "t", 0 0, v0x55f40ea51180_0;  1 drivers
E_0x55f40e9f62a0/0 .event negedge, v0x55f40ea50bf0_0;
E_0x55f40e9f62a0/1 .event posedge, v0x55f40e9f5be0_0;
E_0x55f40e9f62a0 .event/or E_0x55f40e9f62a0/0, E_0x55f40e9f62a0/1;
    .scope S_0x55f40ea2d080;
T_0 ;
    %wait E_0x55f40e9f62a0;
    %load/vec4 v0x55f40ea50bf0_0;
    %nor/r;
    %flag_set/vec4 8;
    %jmp/0xz  T_0.0, 8;
    %pushi/vec4 0, 0, 1;
    %assign/vec4 v0x55f40ea50cb0_0, 0;
    %jmp T_0.1;
T_0.0 ;
    %load/vec4 v0x55f40ea50d80_0;
    %load/vec4 v0x55f40ea50cb0_0;
    %inv;
    %and;
    %load/vec4 v0x55f40ea50d80_0;
    %inv;
    %load/vec4 v0x55f40ea50cb0_0;
    %and;
    %or;
    %assign/vec4 v0x55f40ea50cb0_0, 0;
T_0.1 ;
    %jmp T_0;
    .thread T_0;
    .scope S_0x55f40ea2cf00;
T_1 ;
    %pushi/vec4 1, 0, 1;
    %store/vec4 v0x55f40ea50ef0_0, 0, 1;
    %pushi/vec4 0, 0, 1;
    %store/vec4 v0x55f40ea50fb0_0, 0, 1;
    %pushi/vec4 1, 0, 1;
    %store/vec4 v0x55f40ea51180_0, 0, 1;
    %delay 1, 0;
    %pushi/vec4 1, 0, 1;
    %store/vec4 v0x55f40ea50fb0_0, 0, 1;
    %delay 2, 0;
    %pushi/vec4 0, 0, 1;
    %store/vec4 v0x55f40ea51180_0, 0, 1;
    %delay 2, 0;
    %pushi/vec4 1, 0, 1;
    %store/vec4 v0x55f40ea51180_0, 0, 1;
    %delay 10, 0;
    %pushi/vec4 0, 0, 1;
    %store/vec4 v0x55f40ea51180_0, 0, 1;
    %delay 2, 0;
    %pushi/vec4 1, 0, 1;
    %store/vec4 v0x55f40ea51180_0, 0, 1;
    %delay 6, 0;
    %vpi_call 2 15 "$finish" {0 0 0};
    %end;
    .thread T_1;
    .scope S_0x55f40ea2cf00;
T_2 ;
    %vpi_call 2 18 "$dumpfile", "tff.vcd" {0 0 0};
    %vpi_call 2 19 "$dumpvars" {0 0 0};
    %end;
    .thread T_2;
    .scope S_0x55f40ea2cf00;
T_3 ;
    %delay 1, 0;
    %load/vec4 v0x55f40ea50ef0_0;
    %nor/r;
    %store/vec4 v0x55f40ea50ef0_0, 0, 1;
    %jmp T_3;
    .thread T_3;
# The file index is used to find the file name in the following table.
:file_names 4;
    "N/A";
    "<interactive>";
    "tff_tb.v";
    "tff.v";
