#! /usr/bin/vvp
:ivl_version "10.1 (stable)";
:ivl_delay_selection "TYPICAL";
:vpi_time_precision - 9;
:vpi_module "system";
:vpi_module "vhdl_sys";
:vpi_module "v2005_math";
:vpi_module "va_math";
S_0x55f0f9a22dc0 .scope module, "gates7_structural_tb" "gates7_structural_tb" 2 2;
 .timescale -9 -9;
v0x55f0f9a50c60_0 .var "a", 0 0;
v0x55f0f9a50d20_0 .var "b", 0 0;
v0x55f0f9a50df0_0 .net "f_and", 0 0, L_0x55f0f9a51480;  1 drivers
v0x55f0f9a50ef0_0 .net "f_nand", 0 0, L_0x55f0f9a517a0;  1 drivers
v0x55f0f9a50fc0_0 .net "f_nor", 0 0, L_0x55f0f9a518a0;  1 drivers
v0x55f0f9a510b0_0 .net "f_not", 0 0, L_0x55f0f9a51650;  1 drivers
v0x55f0f9a51180_0 .net "f_or", 0 0, L_0x55f0f9a51590;  1 drivers
v0x55f0f9a51250_0 .net "f_xnor", 0 0, L_0x55f0f9a51a10;  1 drivers
v0x55f0f9a51320_0 .net "f_xor", 0 0, L_0x55f0f9a51910;  1 drivers
S_0x55f0f9a22f40 .scope module, "g" "gates7_structural" 2 6, 3 2 0, S_0x55f0f9a22dc0;
 .timescale 0 0;
    .port_info 0 /INPUT 1 "a"
    .port_info 1 /INPUT 1 "b"
    .port_info 2 /OUTPUT 1 "f_and"
    .port_info 3 /OUTPUT 1 "f_or"
    .port_info 4 /OUTPUT 1 "f_not"
    .port_info 5 /OUTPUT 1 "f_nand"
    .port_info 6 /OUTPUT 1 "f_nor"
    .port_info 7 /OUTPUT 1 "f_xor"
    .port_info 8 /OUTPUT 1 "f_xnor"
L_0x55f0f9a51480 .functor AND 1, v0x55f0f9a50c60_0, v0x55f0f9a50d20_0, C4<1>, C4<1>;
L_0x55f0f9a51590 .functor OR 1, v0x55f0f9a50c60_0, v0x55f0f9a50d20_0, C4<0>, C4<0>;
L_0x55f0f9a51650 .functor NOT 1, v0x55f0f9a50c60_0, C4<0>, C4<0>, C4<0>;
L_0x55f0f9a517a0 .functor NAND 1, v0x55f0f9a50c60_0, v0x55f0f9a50d20_0, C4<1>, C4<1>;
L_0x55f0f9a518a0 .functor NOR 1, v0x55f0f9a50c60_0, v0x55f0f9a50d20_0, C4<0>, C4<0>;
L_0x55f0f9a51910 .functor XOR 1, v0x55f0f9a50c60_0, v0x55f0f9a50d20_0, C4<0>, C4<0>;
L_0x55f0f9a51a10 .functor XNOR 1, v0x55f0f9a50c60_0, v0x55f0f9a50d20_0, C4<0>, C4<0>;
v0x55f0f99ebc30_0 .net "a", 0 0, v0x55f0f9a50c60_0;  1 drivers
v0x55f0f9a50450_0 .net "b", 0 0, v0x55f0f9a50d20_0;  1 drivers
v0x55f0f9a50510_0 .net "f_and", 0 0, L_0x55f0f9a51480;  alias, 1 drivers
v0x55f0f9a505e0_0 .net "f_nand", 0 0, L_0x55f0f9a517a0;  alias, 1 drivers
v0x55f0f9a506a0_0 .net "f_nor", 0 0, L_0x55f0f9a518a0;  alias, 1 drivers
v0x55f0f9a507b0_0 .net "f_not", 0 0, L_0x55f0f9a51650;  alias, 1 drivers
v0x55f0f9a50870_0 .net "f_or", 0 0, L_0x55f0f9a51590;  alias, 1 drivers
v0x55f0f9a50930_0 .net "f_xnor", 0 0, L_0x55f0f9a51a10;  alias, 1 drivers
v0x55f0f9a509f0_0 .net "f_xor", 0 0, L_0x55f0f9a51910;  alias, 1 drivers
    .scope S_0x55f0f9a22dc0;
T_0 ;
    %pushi/vec4 0, 0, 1;
    %store/vec4 v0x55f0f9a50c60_0, 0, 1;
    %pushi/vec4 0, 0, 1;
    %store/vec4 v0x55f0f9a50d20_0, 0, 1;
    %delay 1, 0;
    %vpi_call 2 11 "$display", "a=%b ", v0x55f0f9a50c60_0, "b=%b ", v0x55f0f9a50d20_0, "f_and=%b ", v0x55f0f9a50df0_0, "f_or=%b ", v0x55f0f9a51180_0, "f_not=%b ", v0x55f0f9a510b0_0, "f_nor=%b ", v0x55f0f9a50fc0_0, "f_nand=%b ", v0x55f0f9a50ef0_0, "f_xor=%b ", v0x55f0f9a51320_0, "f_xnor=%b ", v0x55f0f9a51250_0 {0 0 0};
    %delay 1, 0;
    %pushi/vec4 0, 0, 1;
    %store/vec4 v0x55f0f9a50c60_0, 0, 1;
    %pushi/vec4 1, 0, 1;
    %store/vec4 v0x55f0f9a50d20_0, 0, 1;
    %delay 1, 0;
    %vpi_call 2 16 "$display", "a=%b ", v0x55f0f9a50c60_0, "b=%b ", v0x55f0f9a50d20_0, "f_and=%b ", v0x55f0f9a50df0_0, "f_or=%b ", v0x55f0f9a51180_0, "f_not=%b ", v0x55f0f9a510b0_0, "f_nor=%b ", v0x55f0f9a50fc0_0, "f_nand=%b ", v0x55f0f9a50ef0_0, "f_xor=%b ", v0x55f0f9a51320_0, "f_xnor=%b ", v0x55f0f9a51250_0 {0 0 0};
    %delay 1, 0;
    %pushi/vec4 1, 0, 1;
    %store/vec4 v0x55f0f9a50c60_0, 0, 1;
    %pushi/vec4 0, 0, 1;
    %store/vec4 v0x55f0f9a50d20_0, 0, 1;
    %delay 1, 0;
    %vpi_call 2 22 "$display", "a=%b ", v0x55f0f9a50c60_0, "b=%b ", v0x55f0f9a50d20_0, "f_and=%b ", v0x55f0f9a50df0_0, "f_or=%b ", v0x55f0f9a51180_0, "f_not=%b ", v0x55f0f9a510b0_0, "f_nor=%b ", v0x55f0f9a50fc0_0, "f_nand=%b ", v0x55f0f9a50ef0_0, "f_xor=%b ", v0x55f0f9a51320_0, "f_xnor=%b ", v0x55f0f9a51250_0 {0 0 0};
    %delay 1, 0;
    %pushi/vec4 1, 0, 1;
    %store/vec4 v0x55f0f9a50c60_0, 0, 1;
    %pushi/vec4 1, 0, 1;
    %store/vec4 v0x55f0f9a50d20_0, 0, 1;
    %delay 1, 0;
    %vpi_call 2 27 "$display", "a=%b ", v0x55f0f9a50c60_0, "b=%b ", v0x55f0f9a50d20_0, "f_and=%b ", v0x55f0f9a50df0_0, "f_or=%b ", v0x55f0f9a51180_0, "f_not=%b ", v0x55f0f9a510b0_0, "f_nor=%b ", v0x55f0f9a50fc0_0, "f_nand=%b ", v0x55f0f9a50ef0_0, "f_xor=%b ", v0x55f0f9a51320_0, "f_xnor=%b ", v0x55f0f9a51250_0 {0 0 0};
    %delay 1, 0;
    %pushi/vec4 0, 0, 1;
    %store/vec4 v0x55f0f9a50c60_0, 0, 1;
    %pushi/vec4 0, 0, 1;
    %store/vec4 v0x55f0f9a50d20_0, 0, 1;
    %delay 1, 0;
    %vpi_call 2 33 "$finish" {0 0 0};
    %end;
    .thread T_0;
    .scope S_0x55f0f9a22dc0;
T_1 ;
    %vpi_call 2 39 "$dumpfile", "gates7_structural.vcd" {0 0 0};
    %vpi_call 2 40 "$dumpvars" {0 0 0};
    %end;
    .thread T_1;
# The file index is used to find the file name in the following table.
:file_names 4;
    "N/A";
    "<interactive>";
    "gates7_tb.v";
    "gates7.v";
