#! /usr/bin/vvp
:ivl_version "10.1 (stable)";
:ivl_delay_selection "TYPICAL";
:vpi_time_precision - 9;
:vpi_module "system";
:vpi_module "vhdl_sys";
:vpi_module "v2005_math";
:vpi_module "va_math";
S_0x56321f0a0980 .scope module, "gates7_dataflow_tb" "gates7_dataflow_tb" 2 2;
 .timescale -9 -9;
v0x56321f0c3d90_0 .var "a", 0 0;
v0x56321f0c3e50_0 .var "b", 0 0;
v0x56321f0c3f20_0 .net "f_and", 0 0, L_0x56321f0c45b0;  1 drivers
v0x56321f0c4020_0 .net "f_nand", 0 0, L_0x56321f0c49d0;  1 drivers
v0x56321f0c40f0_0 .net "f_nor", 0 0, L_0x56321f0c4af0;  1 drivers
v0x56321f0c41e0_0 .net "f_not", 0 0, L_0x56321f0c4780;  1 drivers
v0x56321f0c42b0_0 .net "f_or", 0 0, L_0x56321f0c46c0;  1 drivers
v0x56321f0c4380_0 .net "f_xnor", 0 0, L_0x56321f0c4840;  1 drivers
v0x56321f0c4450_0 .net "f_xor", 0 0, L_0x56321f0c4c00;  1 drivers
S_0x56321f0a1d40 .scope module, "g7" "gates7_dataflow" 2 7, 3 1 0, S_0x56321f0a0980;
 .timescale 0 0;
    .port_info 0 /INPUT 1 "a"
    .port_info 1 /INPUT 1 "b"
    .port_info 2 /OUTPUT 1 "f_and"
    .port_info 3 /OUTPUT 1 "f_or"
    .port_info 4 /OUTPUT 1 "f_not"
    .port_info 5 /OUTPUT 1 "f_nand"
    .port_info 6 /OUTPUT 1 "f_nor"
    .port_info 7 /OUTPUT 1 "f_xor"
    .port_info 8 /OUTPUT 1 "f_xnor"
L_0x56321f0c45b0 .functor AND 1, v0x56321f0c3d90_0, v0x56321f0c3e50_0, C4<1>, C4<1>;
L_0x56321f0c46c0 .functor OR 1, v0x56321f0c3d90_0, v0x56321f0c3e50_0, C4<0>, C4<0>;
L_0x56321f0c4780 .functor NOT 1, v0x56321f0c3d90_0, C4<0>, C4<0>, C4<0>;
L_0x56321f0c48d0 .functor AND 1, v0x56321f0c3d90_0, v0x56321f0c3e50_0, C4<1>, C4<1>;
L_0x56321f0c49d0 .functor NOT 1, L_0x56321f0c48d0, C4<0>, C4<0>, C4<0>;
L_0x56321f0c4a40 .functor OR 1, v0x56321f0c3d90_0, v0x56321f0c3e50_0, C4<0>, C4<0>;
L_0x56321f0c4af0 .functor NOT 1, L_0x56321f0c4a40, C4<0>, C4<0>, C4<0>;
L_0x56321f0c4c00 .functor XOR 1, v0x56321f0c3d90_0, v0x56321f0c3e50_0, C4<0>, C4<0>;
L_0x56321f0c4d10 .functor XOR 1, v0x56321f0c3d90_0, v0x56321f0c3e50_0, C4<0>, C4<0>;
L_0x56321f0c4840 .functor NOT 1, L_0x56321f0c4d10, C4<0>, C4<0>, C4<0>;
v0x56321f09fe10_0 .net *"_s10", 0 0, L_0x56321f0c4a40;  1 drivers
v0x56321f0c3300_0 .net *"_s16", 0 0, L_0x56321f0c4d10;  1 drivers
v0x56321f0c33e0_0 .net *"_s6", 0 0, L_0x56321f0c48d0;  1 drivers
v0x56321f0c34d0_0 .net "a", 0 0, v0x56321f0c3d90_0;  1 drivers
v0x56321f0c3590_0 .net "b", 0 0, v0x56321f0c3e50_0;  1 drivers
v0x56321f0c36a0_0 .net "f_and", 0 0, L_0x56321f0c45b0;  alias, 1 drivers
v0x56321f0c3760_0 .net "f_nand", 0 0, L_0x56321f0c49d0;  alias, 1 drivers
v0x56321f0c3820_0 .net "f_nor", 0 0, L_0x56321f0c4af0;  alias, 1 drivers
v0x56321f0c38e0_0 .net "f_not", 0 0, L_0x56321f0c4780;  alias, 1 drivers
v0x56321f0c3a30_0 .net "f_or", 0 0, L_0x56321f0c46c0;  alias, 1 drivers
v0x56321f0c3af0_0 .net "f_xnor", 0 0, L_0x56321f0c4840;  alias, 1 drivers
v0x56321f0c3bb0_0 .net "f_xor", 0 0, L_0x56321f0c4c00;  alias, 1 drivers
    .scope S_0x56321f0a0980;
T_0 ;
    %vpi_call 2 11 "$display", "time/ta/tb/tand/tor/tnot/tnand/tnor/txor/txnor" {0 0 0};
    %pushi/vec4 0, 0, 1;
    %store/vec4 v0x56321f0c3d90_0, 0, 1;
    %pushi/vec4 0, 0, 1;
    %store/vec4 v0x56321f0c3e50_0, 0, 1;
    %end;
    .thread T_0;
    .scope S_0x56321f0a0980;
T_1 ;
    %vpi_call 2 18 "$monitor", "%2d:\011%b\011%b\011%b\011%b\011%b\011%b\011%b", $time, v0x56321f0c3d90_0, v0x56321f0c3e50_0, v0x56321f0c3f20_0, v0x56321f0c42b0_0, v0x56321f0c41e0_0, v0x56321f0c4020_0, v0x56321f0c40f0_0, v0x56321f0c4450_0, v0x56321f0c4380_0 {0 0 0};
    %end;
    .thread T_1;
    .scope S_0x56321f0a0980;
T_2 ;
    %delay 1, 0;
    %load/vec4 v0x56321f0c3d90_0;
    %nor/r;
    %store/vec4 v0x56321f0c3d90_0, 0, 1;
    %jmp T_2;
    .thread T_2;
    .scope S_0x56321f0a0980;
T_3 ;
    %delay 2, 0;
    %load/vec4 v0x56321f0c3e50_0;
    %nor/r;
    %store/vec4 v0x56321f0c3e50_0, 0, 1;
    %jmp T_3;
    .thread T_3;
# The file index is used to find the file name in the following table.
:file_names 4;
    "N/A";
    "<interactive>";
    "gates7_dataflow_tb.v";
    "gates7_dataflow.v";
