#! /usr/bin/vvp
:ivl_version "10.1 (stable)";
:ivl_delay_selection "TYPICAL";
:vpi_time_precision - 9;
:vpi_module "system";
:vpi_module "vhdl_sys";
:vpi_module "v2005_math";
:vpi_module "va_math";
S_0x55d707890c50 .scope module, "decoder_tb" "decoder_tb" 2 3;
 .timescale -9 -9;
v0x55d7078ecfa0_0 .net "d", 7 0, v0x55d7078c87b0_0;  1 drivers
v0x55d7078ed090_0 .var "ena", 0 0;
v0x55d7078ed160_0 .var/i "i", 31 0;
v0x55d7078ed230_0 .var "n", 2 0;
S_0x55d707890dd0 .scope module, "decoder" "decoder" 2 10, 3 2 0, S_0x55d707890c50;
 .timescale -9 -9;
    .port_info 0 /INPUT 1 "ena"
    .port_info 1 /INPUT 3 "n"
    .port_info 2 /OUTPUT 8 "d"
v0x55d7078c87b0_0 .var "d", 7 0;
v0x55d7078ecd70_0 .net "ena", 0 0, v0x55d7078ed090_0;  1 drivers
v0x55d7078ece30_0 .net "n", 2 0, v0x55d7078ed230_0;  1 drivers
E_0x55d707891870 .event edge, v0x55d7078ece30_0, v0x55d7078ecd70_0;
    .scope S_0x55d707890dd0;
T_0 ;
    %wait E_0x55d707891870;
    %pushi/vec4 0, 0, 8;
    %store/vec4 v0x55d7078c87b0_0, 0, 8;
    %load/vec4 v0x55d7078ecd70_0;
    %ix/getv 4, v0x55d7078ece30_0;
    %store/vec4 v0x55d7078c87b0_0, 4, 1;
    %jmp T_0;
    .thread T_0, $push;
    .scope S_0x55d707890c50;
T_1 ;
    %delay 0, 0;
    %vpi_call 2 13 "$display", "time\011ena\011n\011d" {0 0 0};
    %delay 0, 0;
    %pushi/vec4 1, 0, 1;
    %store/vec4 v0x55d7078ed090_0, 0, 1;
    %delay 0, 0;
    %pushi/vec4 0, 0, 3;
    %store/vec4 v0x55d7078ed230_0, 0, 3;
    %pushi/vec4 1, 0, 32;
    %store/vec4 v0x55d7078ed160_0, 0, 32;
T_1.0 ;
    %load/vec4 v0x55d7078ed160_0;
    %cmpi/s 8, 0, 32;
    %jmp/0xz T_1.1, 5;
    %delay 1, 0;
    %load/vec4 v0x55d7078ed160_0;
    %pad/s 3;
    %store/vec4 v0x55d7078ed230_0, 0, 3;
    %load/vec4 v0x55d7078ed160_0;
    %addi 1, 0, 32;
    %store/vec4 v0x55d7078ed160_0, 0, 32;
    %jmp T_1.0;
T_1.1 ;
    %delay 1, 0;
    %pushi/vec4 0, 0, 1;
    %store/vec4 v0x55d7078ed090_0, 0, 1;
    %pushi/vec4 7, 7, 3;
    %store/vec4 v0x55d7078ed230_0, 0, 3;
    %delay 1, 0;
    %vpi_call 2 21 "$finish" {0 0 0};
    %end;
    .thread T_1;
    .scope S_0x55d707890c50;
T_2 ;
    %vpi_call 2 24 "$monitor", "%1d\011%b\011%b\011%b", $time, v0x55d7078ed090_0, v0x55d7078ed230_0, v0x55d7078ecfa0_0 {0 0 0};
    %end;
    .thread T_2;
# The file index is used to find the file name in the following table.
:file_names 4;
    "N/A";
    "<interactive>";
    "decoder_tb.v";
    "decoder.v";
