#! /usr/bin/vvp
:ivl_version "10.1 (stable)";
:ivl_delay_selection "TYPICAL";
:vpi_time_precision - 9;
:vpi_module "system";
:vpi_module "vhdl_sys";
:vpi_module "v2005_math";
:vpi_module "va_math";
S_0x56412d63dbf0 .scope module, "mux2x1_AndOrNot_gate_tb" "mux2x1_AndOrNot_gate_tb" 2 3;
 .timescale -9 -9;
v0x56412d699800_0 .var "a", 0 0;
v0x56412d6998c0_0 .var "b", 0 0;
v0x56412d699990_0 .var "s", 0 0;
v0x56412d699a90_0 .net "y", 0 0, L_0x56412d699e20;  1 drivers
S_0x56412d63dd70 .scope module, "mux2x1" "mux2x1_gate" 2 8, 3 1 0, S_0x56412d63dbf0;
 .timescale 0 0;
    .port_info 0 /INPUT 1 "a"
    .port_info 1 /INPUT 1 "b"
    .port_info 2 /INPUT 1 "s"
    .port_info 3 /OUTPUT 1 "y"
L_0x56412d699b60 .functor NOT 1, v0x56412d699990_0, C4<0>, C4<0>, C4<0>;
L_0x56412d699c50 .functor AND 1, v0x56412d699800_0, L_0x56412d699b60, C4<1>, C4<1>;
L_0x56412d699d60 .functor AND 1, v0x56412d6998c0_0, v0x56412d699990_0, C4<1>, C4<1>;
L_0x56412d699e20 .functor OR 1, L_0x56412d699c50, L_0x56412d699d60, C4<0>, C4<0>;
v0x56412d673e70_0 .net "a", 0 0, v0x56412d699800_0;  1 drivers
v0x56412d6992a0_0 .net "a_sNot", 0 0, L_0x56412d699c50;  1 drivers
v0x56412d699360_0 .net "b", 0 0, v0x56412d6998c0_0;  1 drivers
v0x56412d699430_0 .net "b_s", 0 0, L_0x56412d699d60;  1 drivers
v0x56412d6994f0_0 .net "s", 0 0, v0x56412d699990_0;  1 drivers
v0x56412d699600_0 .net "sNot", 0 0, L_0x56412d699b60;  1 drivers
v0x56412d6996c0_0 .net "y", 0 0, L_0x56412d699e20;  alias, 1 drivers
    .scope S_0x56412d63dbf0;
T_0 ;
    %pushi/vec4 0, 0, 1;
    %store/vec4 v0x56412d699800_0, 0, 1;
    %pushi/vec4 0, 0, 1;
    %store/vec4 v0x56412d6998c0_0, 0, 1;
    %pushi/vec4 0, 0, 1;
    %store/vec4 v0x56412d699990_0, 0, 1;
    %vpi_call 2 13 "$display", "time\011s\011a\011b\011y" {0 0 0};
    %vpi_call 2 14 "$monitor", "%2d: \011%b \011%b \011%b \011%b", $time, v0x56412d699990_0, v0x56412d699800_0, v0x56412d6998c0_0, v0x56412d699a90_0 {0 0 0};
    %delay 8, 0;
    %vpi_call 2 15 "$finish" {0 0 0};
    %end;
    .thread T_0;
    .scope S_0x56412d63dbf0;
T_1 ;
    %delay 1, 0;
    %load/vec4 v0x56412d699800_0;
    %nor/r;
    %store/vec4 v0x56412d699800_0, 0, 1;
    %jmp T_1;
    .thread T_1;
    .scope S_0x56412d63dbf0;
T_2 ;
    %delay 2, 0;
    %load/vec4 v0x56412d6998c0_0;
    %nor/r;
    %store/vec4 v0x56412d6998c0_0, 0, 1;
    %jmp T_2;
    .thread T_2;
    .scope S_0x56412d63dbf0;
T_3 ;
    %delay 4, 0;
    %load/vec4 v0x56412d699990_0;
    %nor/r;
    %store/vec4 v0x56412d699990_0, 0, 1;
    %jmp T_3;
    .thread T_3;
# The file index is used to find the file name in the following table.
:file_names 4;
    "N/A";
    "<interactive>";
    "mux2x1_AndOrNot_gate_tb.v";
    "mux2x1_AndOrNot_gate.v";
