#! /usr/bin/vvp
:ivl_version "10.1 (stable)";
:ivl_delay_selection "TYPICAL";
:vpi_time_precision - 9;
:vpi_module "system";
:vpi_module "vhdl_sys";
:vpi_module "v2005_math";
:vpi_module "va_math";
S_0x56195615fa50 .scope module, "mux2x1_triState_tb" "mux2x1_triState_tb" 2 3;
 .timescale -9 -9;
v0x561956183600_0 .var "a", 0 0;
v0x5619561836c0_0 .var "b", 0 0;
v0x561956183790_0 .var "s", 0 0;
RS_0x7fbf28c2d0a8 .resolv tri, L_0x561956183960, L_0x561956183ac0;
v0x561956183890_0 .net8 "y", 0 0, RS_0x7fbf28c2d0a8;  2 drivers, strength-aware
S_0x56195615fbd0 .scope module, "mux2x1" "mux2x1_triState" 2 8, 3 1 0, S_0x56195615fa50;
 .timescale -9 -9;
    .port_info 0 /INPUT 1 "a"
    .port_info 1 /INPUT 1 "b"
    .port_info 2 /INPUT 1 "s"
    .port_info 3 /OUTPUT 1 "y"
L_0x561956183960 .functor BUFIF0 1, v0x561956183600_0, v0x561956183790_0, C4<0>, C4<0>;
L_0x561956183ac0 .functor BUFIF1 1, v0x5619561836c0_0, v0x561956183790_0, C4<0>, C4<0>;
v0x561956128bc0_0 .net "a", 0 0, v0x561956183600_0;  1 drivers
v0x561956183300_0 .net "b", 0 0, v0x5619561836c0_0;  1 drivers
v0x5619561833c0_0 .net "s", 0 0, v0x561956183790_0;  1 drivers
v0x561956183490_0 .net8 "y", 0 0, RS_0x7fbf28c2d0a8;  alias, 2 drivers, strength-aware
    .scope S_0x56195615fa50;
T_0 ;
    %pushi/vec4 0, 0, 1;
    %store/vec4 v0x561956183600_0, 0, 1;
    %pushi/vec4 0, 0, 1;
    %store/vec4 v0x5619561836c0_0, 0, 1;
    %pushi/vec4 0, 0, 1;
    %store/vec4 v0x561956183790_0, 0, 1;
    %vpi_call 2 13 "$display", "time\011s\011a\011b\011y" {0 0 0};
    %vpi_call 2 14 "$monitor", "%2d: \011%b \011%b \011%b \011%b", $time, v0x561956183790_0, v0x561956183600_0, v0x5619561836c0_0, v0x561956183890_0 {0 0 0};
    %delay 8, 0;
    %vpi_call 2 15 "$finish" {0 0 0};
    %end;
    .thread T_0;
    .scope S_0x56195615fa50;
T_1 ;
    %delay 1, 0;
    %load/vec4 v0x561956183600_0;
    %nor/r;
    %store/vec4 v0x561956183600_0, 0, 1;
    %jmp T_1;
    .thread T_1;
    .scope S_0x56195615fa50;
T_2 ;
    %delay 2, 0;
    %load/vec4 v0x5619561836c0_0;
    %nor/r;
    %store/vec4 v0x5619561836c0_0, 0, 1;
    %jmp T_2;
    .thread T_2;
    .scope S_0x56195615fa50;
T_3 ;
    %delay 4, 0;
    %load/vec4 v0x561956183790_0;
    %nor/r;
    %store/vec4 v0x561956183790_0, 0, 1;
    %jmp T_3;
    .thread T_3;
# The file index is used to find the file name in the following table.
:file_names 4;
    "N/A";
    "<interactive>";
    "mux2x1_triState_tb.v";
    "mux2x1_triState.v";
