#! /usr/bin/vvp
:ivl_version "10.1 (stable)";
:ivl_delay_selection "TYPICAL";
:vpi_time_precision - 9;
:vpi_module "system";
:vpi_module "vhdl_sys";
:vpi_module "v2005_math";
:vpi_module "va_math";
S_0x55bfdfd285e0 .scope module, "encoder_tb" "encoder_tb" 2 3;
 .timescale -9 -9;
v0x55bfdfd4b630_0 .var "d", 7 0;
v0x55bfdfd4b710_0 .var "ena", 0 0;
v0x55bfdfd4b7e0_0 .net "g", 0 0, L_0x55bfdfd4bb90;  1 drivers
v0x55bfdfd4b8e0_0 .var/i "i", 31 0;
v0x55bfdfd4b980_0 .net "n", 2 0, L_0x55bfdfd4bcf0;  1 drivers
S_0x55bfdfceab50 .scope module, "encoder" "encoder" 2 11, 3 4 0, S_0x55bfdfd285e0;
 .timescale -9 -9;
    .port_info 0 /INPUT 8 "d"
    .port_info 1 /INPUT 1 "ena"
    .port_info 2 /OUTPUT 3 "n"
    .port_info 3 /OUTPUT 1 "g"
L_0x55bfdfd4bb90 .functor AND 1, v0x55bfdfd4b710_0, L_0x55bfdfd4ba70, C4<1>, C4<1>;
v0x55bfdfd4b130_0 .net *"_s1", 0 0, L_0x55bfdfd4ba70;  1 drivers
v0x55bfdfd4b210_0 .net "d", 7 0, v0x55bfdfd4b630_0;  1 drivers
v0x55bfdfd4b2f0_0 .net "ena", 0 0, v0x55bfdfd4b710_0;  1 drivers
v0x55bfdfd4b3c0_0 .net "g", 0 0, L_0x55bfdfd4bb90;  alias, 1 drivers
v0x55bfdfd4b480_0 .net "n", 2 0, L_0x55bfdfd4bcf0;  alias, 1 drivers
L_0x55bfdfd4ba70 .reduce/or v0x55bfdfd4b630_0;
L_0x55bfdfd4bcf0 .ufunc TD_encoder_tb.encoder.enc, 3, v0x55bfdfd4b710_0, v0x55bfdfd4b630_0 (v0x55bfdfd4af80_0, v0x55bfdfd22b00_0) v0x55bfdfd4b040_0 S_0x55bfdfcead90;
S_0x55bfdfcead90 .scope function, "enc" "enc" 3 15, 3 15 0, S_0x55bfdfceab50;
 .timescale -9 -9;
v0x55bfdfd22b00_0 .var "d", 7 0;
v0x55bfdfd4af80_0 .var "ena", 0 0;
v0x55bfdfd4b040_0 .var "enc", 2 0;
TD_encoder_tb.encoder.enc ;
    %load/vec4 v0x55bfdfd4af80_0;
    %load/vec4 v0x55bfdfd22b00_0;
    %concat/vec4; draw_concat_vec4
    %dup/vec4;
    %pushi/vec4 255, 63, 9;
    %cmp/u;
    %jmp/1 T_0.0, 6;
    %dup/vec4;
    %pushi/vec4 191, 31, 9;
    %cmp/u;
    %jmp/1 T_0.1, 6;
    %dup/vec4;
    %pushi/vec4 159, 15, 9;
    %cmp/u;
    %jmp/1 T_0.2, 6;
    %dup/vec4;
    %pushi/vec4 143, 7, 9;
    %cmp/u;
    %jmp/1 T_0.3, 6;
    %dup/vec4;
    %pushi/vec4 135, 3, 9;
    %cmp/u;
    %jmp/1 T_0.4, 6;
    %dup/vec4;
    %pushi/vec4 131, 1, 9;
    %cmp/u;
    %jmp/1 T_0.5, 6;
    %dup/vec4;
    %pushi/vec4 129, 0, 9;
    %cmp/u;
    %jmp/1 T_0.6, 6;
    %pushi/vec4 0, 0, 3;
    %store/vec4 v0x55bfdfd4b040_0, 0, 3;
    %jmp T_0.8;
T_0.0 ;
    %pushi/vec4 7, 0, 3;
    %store/vec4 v0x55bfdfd4b040_0, 0, 3;
    %jmp T_0.8;
T_0.1 ;
    %pushi/vec4 6, 0, 3;
    %store/vec4 v0x55bfdfd4b040_0, 0, 3;
    %jmp T_0.8;
T_0.2 ;
    %pushi/vec4 5, 0, 3;
    %store/vec4 v0x55bfdfd4b040_0, 0, 3;
    %jmp T_0.8;
T_0.3 ;
    %pushi/vec4 4, 0, 3;
    %store/vec4 v0x55bfdfd4b040_0, 0, 3;
    %jmp T_0.8;
T_0.4 ;
    %pushi/vec4 3, 0, 3;
    %store/vec4 v0x55bfdfd4b040_0, 0, 3;
    %jmp T_0.8;
T_0.5 ;
    %pushi/vec4 2, 0, 3;
    %store/vec4 v0x55bfdfd4b040_0, 0, 3;
    %jmp T_0.8;
T_0.6 ;
    %pushi/vec4 1, 0, 3;
    %store/vec4 v0x55bfdfd4b040_0, 0, 3;
    %jmp T_0.8;
T_0.8 ;
    %pop/vec4 1;
    %end;
    .scope S_0x55bfdfd285e0;
T_1 ;
    %delay 0, 0;
    %vpi_call 2 14 "$display", "time\011ena\011d\011\011n\011g" {0 0 0};
    %delay 0, 0;
    %pushi/vec4 1, 0, 1;
    %store/vec4 v0x55bfdfd4b710_0, 0, 1;
    %delay 0, 0;
    %pushi/vec4 255, 127, 8;
    %store/vec4 v0x55bfdfd4b630_0, 0, 8;
    %pushi/vec4 1, 0, 32;
    %store/vec4 v0x55bfdfd4b8e0_0, 0, 32;
T_1.0 ;
    %load/vec4 v0x55bfdfd4b8e0_0;
    %cmpi/s 8, 0, 32;
    %jmp/0xz T_1.1, 5;
    %delay 1, 0;
    %load/vec4 v0x55bfdfd4b630_0;
    %ix/load 4, 1, 0;
    %flag_set/imm 4, 0;
    %shiftr 4;
    %store/vec4 v0x55bfdfd4b630_0, 0, 8;
    %load/vec4 v0x55bfdfd4b8e0_0;
    %addi 1, 0, 32;
    %store/vec4 v0x55bfdfd4b8e0_0, 0, 32;
    %jmp T_1.0;
T_1.1 ;
    %delay 1, 0;
    %pushi/vec4 0, 0, 1;
    %store/vec4 v0x55bfdfd4b710_0, 0, 1;
    %pushi/vec4 255, 255, 8;
    %store/vec4 v0x55bfdfd4b630_0, 0, 8;
    %delay 1, 0;
    %vpi_call 2 23 "$finish" {0 0 0};
    %end;
    .thread T_1;
    .scope S_0x55bfdfd285e0;
T_2 ;
    %vpi_call 2 26 "$monitor", "%1d\011%b\011%b\011%b\011%b", $time, v0x55bfdfd4b710_0, v0x55bfdfd4b630_0, v0x55bfdfd4b980_0, v0x55bfdfd4b7e0_0 {0 0 0};
    %end;
    .thread T_2;
# The file index is used to find the file name in the following table.
:file_names 4;
    "N/A";
    "<interactive>";
    "encoder_tb.v";
    "encoder.v";
