#! /usr/bin/vvp
:ivl_version "10.1 (stable)";
:ivl_delay_selection "TYPICAL";
:vpi_time_precision - 9;
:vpi_module "system";
:vpi_module "vhdl_sys";
:vpi_module "v2005_math";
:vpi_module "va_math";
S_0x55e4a56cdb50 .scope module, "demux1to8_tb" "demux1to8_tb" 2 3;
 .timescale -9 -9;
v0x55e4a572b6e0_0 .net "a", 7 0, L_0x55e4a572bd10;  1 drivers
v0x55e4a572b7a0_0 .var/i "i", 31 0;
v0x55e4a572b860_0 .var "s", 3 0;
v0x55e4a572b960_0 .var "y", 0 0;
S_0x55e4a56cdcd0 .scope module, "demux1to8" "demux1to8" 2 10, 3 2 0, S_0x55e4a56cdb50;
 .timescale -9 -9;
    .port_info 0 /INPUT 4 "s"
    .port_info 1 /INPUT 1 "y"
    .port_info 2 /OUTPUT 8 "a"
L_0x55e4a572bd10 .functor AND 8, L_0x55e4a572ba60, L_0x55e4a572bbd0, C4<11111111>, C4<11111111>;
L_0x7fdde0a39018 .functor BUFT 1, C4<00000001>, C4<0>, C4<0>, C4<0>;
v0x55e4a5708830_0 .net/2u *"_s0", 7 0, L_0x7fdde0a39018;  1 drivers
v0x55e4a572b1c0_0 .net *"_s2", 7 0, L_0x55e4a572ba60;  1 drivers
v0x55e4a572b2a0_0 .net *"_s4", 7 0, L_0x55e4a572bbd0;  1 drivers
v0x55e4a572b390_0 .net "a", 7 0, L_0x55e4a572bd10;  alias, 1 drivers
v0x55e4a572b470_0 .net "s", 3 0, v0x55e4a572b860_0;  1 drivers
v0x55e4a572b5a0_0 .net "y", 0 0, v0x55e4a572b960_0;  1 drivers
L_0x55e4a572ba60 .shift/l 8, L_0x7fdde0a39018, v0x55e4a572b860_0;
LS_0x55e4a572bbd0_0_0 .concat [ 1 1 1 1], v0x55e4a572b960_0, v0x55e4a572b960_0, v0x55e4a572b960_0, v0x55e4a572b960_0;
LS_0x55e4a572bbd0_0_4 .concat [ 1 1 1 1], v0x55e4a572b960_0, v0x55e4a572b960_0, v0x55e4a572b960_0, v0x55e4a572b960_0;
L_0x55e4a572bbd0 .concat [ 4 4 0 0], LS_0x55e4a572bbd0_0_0, LS_0x55e4a572bbd0_0_4;
    .scope S_0x55e4a56cdb50;
T_0 ;
    %delay 0, 0;
    %vpi_call 2 13 "$display", "time\011s\011y\011a" {0 0 0};
    %delay 0, 0;
    %pushi/vec4 0, 0, 4;
    %store/vec4 v0x55e4a572b860_0, 0, 4;
    %delay 0, 0;
    %pushi/vec4 1, 0, 1;
    %store/vec4 v0x55e4a572b960_0, 0, 1;
    %pushi/vec4 1, 0, 32;
    %store/vec4 v0x55e4a572b7a0_0, 0, 32;
T_0.0 ;
    %load/vec4 v0x55e4a572b7a0_0;
    %cmpi/s 8, 0, 32;
    %jmp/0xz T_0.1, 5;
    %delay 1, 0;
    %load/vec4 v0x55e4a572b7a0_0;
    %pad/s 4;
    %store/vec4 v0x55e4a572b860_0, 0, 4;
    %load/vec4 v0x55e4a572b7a0_0;
    %addi 1, 0, 32;
    %store/vec4 v0x55e4a572b7a0_0, 0, 32;
    %jmp T_0.0;
T_0.1 ;
    %delay 1, 0;
    %pushi/vec4 0, 0, 1;
    %store/vec4 v0x55e4a572b960_0, 0, 1;
    %pushi/vec4 0, 0, 4;
    %store/vec4 v0x55e4a572b860_0, 0, 4;
    %pushi/vec4 1, 0, 32;
    %store/vec4 v0x55e4a572b7a0_0, 0, 32;
T_0.2 ;
    %load/vec4 v0x55e4a572b7a0_0;
    %cmpi/s 8, 0, 32;
    %jmp/0xz T_0.3, 5;
    %delay 1, 0;
    %load/vec4 v0x55e4a572b7a0_0;
    %pad/s 4;
    %store/vec4 v0x55e4a572b860_0, 0, 4;
    %load/vec4 v0x55e4a572b7a0_0;
    %addi 1, 0, 32;
    %store/vec4 v0x55e4a572b7a0_0, 0, 32;
    %jmp T_0.2;
T_0.3 ;
    %delay 1, 0;
    %vpi_call 2 24 "$finish" {0 0 0};
    %end;
    .thread T_0;
    .scope S_0x55e4a56cdb50;
T_1 ;
    %vpi_call 2 27 "$monitor", "%1d\011%b\011%b\011%b", $time, v0x55e4a572b860_0, v0x55e4a572b960_0, v0x55e4a572b6e0_0 {0 0 0};
    %end;
    .thread T_1;
# The file index is used to find the file name in the following table.
:file_names 4;
    "N/A";
    "<interactive>";
    "demultiplexer_tb.v";
    "demultiplexer.v";
